2023-01-20 14:08:24 | [INFO]    | Discordia 2.11.0
2023-01-20 14:08:24 | [INFO]    | Connecting to Discord...
2023-01-20 14:08:25 | [INFO]    | Authenticated as stuart vilrite#2105
2023-01-20 14:08:25 | [INFO]    | Launching shard 0 (1 out of 1)...
2023-01-20 14:08:25 | [INFO]    | Shard 0 : Connected to wss://gateway.discord.gg
2023-01-20 14:08:25 | [INFO]    | Shard 0 : Received HELLO
2023-01-20 14:08:25 | [INFO]    | Shard 0 : Received READY
2023-01-20 14:14:44 | [INFO]    | Discordia 2.11.0
2023-01-20 14:14:44 | [INFO]    | Connecting to Discord...
2023-01-20 14:14:45 | [ERROR]   | 429 - Too Many Requests : GET https://discord.com/api/v8/users/@me
2023-01-20 14:14:45 | [ERROR]   | Could not authenticate, check token: error code: 1015
2023-01-20 14:19:44 | [INFO]    | Discordia 2.11.0
2023-01-20 14:19:44 | [INFO]    | Connecting to Discord...
2023-01-20 14:19:44 | [ERROR]   | 429 - Too Many Requests : GET https://discord.com/api/v8/users/@me
2023-01-20 14:19:44 | [ERROR]   | Could not authenticate, check token: error code: 1015
2023-01-20 14:21:16 | [INFO]    | Discordia 2.11.0
2023-01-20 14:21:16 | [INFO]    | Connecting to Discord...
2023-01-20 14:21:16 | [ERROR]   | 429 - Too Many Requests : GET https://discord.com/api/v8/users/@me
2023-01-20 14:21:16 | [ERROR]   | Could not authenticate, check token: error code: 1015
2023-01-20 14:22:05 | [INFO]    | Discordia 2.11.0
2023-01-20 14:22:05 | [INFO]    | Connecting to Discord...
2023-01-20 14:22:05 | [ERROR]   | 429 - Too Many Requests : GET https://discord.com/api/v8/users/@me
2023-01-20 14:22:05 | [ERROR]   | Could not authenticate, check token: error code: 1015
2023-01-20 14:23:21 | [INFO]    | Discordia 2.11.0
2023-01-20 14:23:21 | [INFO]    | Connecting to Discord...
2023-01-20 14:23:21 | [ERROR]   | 429 - Too Many Requests : GET https://discord.com/api/v8/users/@me
2023-01-20 14:23:21 | [ERROR]   | Could not authenticate, check token: error code: 1015
2023-01-20 14:55:04 | [INFO]    | Discordia 2.11.0
2023-01-20 14:55:04 | [INFO]    | Connecting to Discord...
2023-01-20 14:55:04 | [ERROR]   | 429 - Too Many Requests : GET https://discord.com/api/v8/users/@me
2023-01-20 14:55:04 | [ERROR]   | Could not authenticate, check token: error code: 1015
2023-01-20 14:57:17 | [INFO]    | Discordia 2.11.0
2023-01-20 14:57:17 | [INFO]    | Connecting to Discord...
2023-01-20 14:57:17 | [INFO]    | Authenticated as stuart vilrite#2105
2023-01-20 14:57:17 | [INFO]    | Launching shard 0 (1 out of 1)...
2023-01-20 14:57:17 | [INFO]    | Shard 0 : Connected to wss://gateway.discord.gg
2023-01-20 14:57:17 | [INFO]    | Shard 0 : Received HELLO
2023-01-20 14:57:17 | [INFO]    | Shard 0 : Received READY
2023-01-20 14:57:50 | [INFO]    | Discordia 2.11.0
2023-01-20 14:57:50 | [INFO]    | Connecting to Discord...
2023-01-20 14:57:50 | [ERROR]   | 429 - Too Many Requests : GET https://discord.com/api/v8/users/@me
2023-01-20 14:57:50 | [ERROR]   | Could not authenticate, check token: error code: 1015
2023-01-20 15:11:24 | [INFO]    | Discordia 2.11.0
2023-01-20 15:11:24 | [INFO]    | Connecting to Discord...
2023-01-20 15:11:24 | [ERROR]   | 429 - Too Many Requests : GET https://discord.com/api/v8/users/@me
2023-01-20 15:11:24 | [ERROR]   | Could not authenticate, check token: error code: 1015
2023-01-20 15:11:29 | [INFO]    | Discordia 2.11.0
2023-01-20 15:11:29 | [INFO]    | Connecting to Discord...
2023-01-20 15:11:30 | [INFO]    | Discordia 2.11.0
2023-01-20 15:11:30 | [INFO]    | Connecting to Discord...
2023-01-20 15:11:30 | [INFO]    | Authenticated as stuart vilrite#2105
2023-01-20 15:11:32 | [INFO]    | Discordia 2.11.0
2023-01-20 15:11:32 | [INFO]    | Connecting to Discord...
2023-01-20 15:11:32 | [ERROR]   | 429 - Too Many Requests : GET https://discord.com/api/v8/users/@me
2023-01-20 15:11:32 | [ERROR]   | Could not authenticate, check token: error code: 1015
2023-01-20 15:11:34 | [INFO]    | Discordia 2.11.0
2023-01-20 15:11:34 | [INFO]    | Connecting to Discord...
2023-01-20 15:11:34 | [INFO]    | Authenticated as stuart vilrite#2105
2023-01-20 15:11:36 | [INFO]    | Discordia 2.11.0
2023-01-20 15:11:36 | [INFO]    | Connecting to Discord...
2023-01-20 15:11:36 | [INFO]    | Authenticated as stuart vilrite#2105
2023-01-20 15:11:37 | [INFO]    | Discordia 2.11.0
2023-01-20 15:11:37 | [INFO]    | Connecting to Discord...
2023-01-20 15:11:37 | [ERROR]   | 429 - Too Many Requests : GET https://discord.com/api/v8/users/@me
2023-01-20 15:11:37 | [ERROR]   | Could not authenticate, check token: error code: 1015
2023-01-20 15:11:39 | [INFO]    | Discordia 2.11.0
2023-01-20 15:11:39 | [INFO]    | Connecting to Discord...
2023-01-20 15:11:39 | [ERROR]   | 429 - Too Many Requests : GET https://discord.com/api/v8/users/@me
2023-01-20 15:11:39 | [ERROR]   | Could not authenticate, check token: error code: 1015
2023-01-20 15:11:50 | [INFO]    | Discordia 2.11.0
2023-01-20 15:11:50 | [INFO]    | Connecting to Discord...
2023-01-20 15:11:55 | [INFO]    | Discordia 2.11.0
2023-01-20 15:11:55 | [INFO]    | Connecting to Discord...
2023-01-20 15:11:55 | [ERROR]   | 429 - Too Many Requests : GET https://discord.com/api/v8/users/@me
2023-01-20 15:11:55 | [ERROR]   | Could not authenticate, check token: error code: 1015
2023-01-20 15:11:58 | [INFO]    | Discordia 2.11.0
2023-01-20 15:11:58 | [INFO]    | Connecting to Discord...
2023-01-20 15:11:58 | [ERROR]   | 429 - Too Many Requests : GET https://discord.com/api/v8/users/@me
2023-01-20 15:11:58 | [ERROR]   | Could not authenticate, check token: error code: 1015
2023-01-20 15:12:00 | [INFO]    | Discordia 2.11.0
2023-01-20 15:12:00 | [INFO]    | Connecting to Discord...
2023-01-20 15:12:00 | [ERROR]   | 429 - Too Many Requests : GET https://discord.com/api/v8/users/@me
2023-01-20 15:12:00 | [ERROR]   | Could not authenticate, check token: error code: 1015
2023-01-20 15:12:03 | [INFO]    | Discordia 2.11.0
2023-01-20 15:12:03 | [INFO]    | Connecting to Discord...
2023-01-20 15:12:05 | [INFO]    | Discordia 2.11.0
2023-01-20 15:12:05 | [INFO]    | Connecting to Discord...
2023-01-20 15:12:05 | [INFO]    | Authenticated as stuart vilrite#2105
2023-01-20 15:12:05 | [INFO]    | Launching shard 0 (1 out of 1)...
2023-01-20 15:12:08 | [INFO]    | Discordia 2.11.0
2023-01-20 15:12:08 | [INFO]    | Connecting to Discord...
2023-01-20 15:12:09 | [INFO]    | Authenticated as stuart vilrite#2105
2023-01-20 15:12:09 | [INFO]    | Launching shard 0 (1 out of 1)...
2023-01-20 15:12:09 | [INFO]    | Shard 0 : Connected to wss://gateway.discord.gg
2023-01-20 15:12:09 | [INFO]    | Shard 0 : Received HELLO
2023-01-20 15:12:10 | [INFO]    | Discordia 2.11.0
2023-01-20 15:12:10 | [INFO]    | Connecting to Discord...
2023-01-20 15:12:10 | [ERROR]   | 429 - Too Many Requests : GET https://discord.com/api/v8/users/@me
2023-01-20 15:12:10 | [ERROR]   | Could not authenticate, check token: error code: 1015
2023-01-20 15:12:12 | [INFO]    | Discordia 2.11.0
2023-01-20 15:12:12 | [INFO]    | Connecting to Discord...
2023-01-20 15:12:12 | [ERROR]   | 429 - Too Many Requests : GET https://discord.com/api/v8/users/@me
2023-01-20 15:12:12 | [ERROR]   | Could not authenticate, check token: error code: 1015
2023-01-20 15:12:14 | [INFO]    | Discordia 2.11.0
2023-01-20 15:12:14 | [INFO]    | Connecting to Discord...
2023-01-20 15:12:14 | [ERROR]   | 429 - Too Many Requests : GET https://discord.com/api/v8/users/@me
2023-01-20 15:12:14 | [ERROR]   | Could not authenticate, check token: error code: 1015
2023-01-20 15:12:15 | [INFO]    | Discordia 2.11.0
2023-01-20 15:12:15 | [INFO]    | Connecting to Discord...
2023-01-20 15:12:15 | [ERROR]   | 429 - Too Many Requests : GET https://discord.com/api/v8/users/@me
2023-01-20 15:12:15 | [ERROR]   | Could not authenticate, check token: error code: 1015
2023-01-20 15:15:14 | [INFO]    | Discordia 2.11.0
2023-01-20 15:15:14 | [INFO]    | Connecting to Discord...
2023-01-20 15:15:14 | [INFO]    | Authenticated as stuart vilrite#2105
2023-01-20 15:15:14 | [INFO]    | Launching shard 0 (1 out of 1)...
2023-01-20 15:15:14 | [INFO]    | Shard 0 : Connected to wss://gateway.discord.gg
2023-01-20 15:15:14 | [INFO]    | Shard 0 : Received HELLO
2023-01-20 15:15:16 | [INFO]    | Discordia 2.11.0
2023-01-20 15:15:16 | [INFO]    | Connecting to Discord...
2023-01-20 15:15:16 | [INFO]    | Authenticated as stuart vilrite#2105
2023-01-20 15:15:16 | [INFO]    | Launching shard 0 (1 out of 1)...
2023-01-20 15:15:16 | [INFO]    | Shard 0 : Connected to wss://gateway.discord.gg
2023-01-20 15:15:16 | [INFO]    | Shard 0 : Received HELLO
2023-01-20 15:15:18 | [INFO]    | Discordia 2.11.0
2023-01-20 15:15:18 | [INFO]    | Connecting to Discord...
2023-01-20 15:15:19 | [INFO]    | Discordia 2.11.0
2023-01-20 15:15:19 | [INFO]    | Connecting to Discord...
2023-01-20 15:15:21 | [INFO]    | Discordia 2.11.0
2023-01-20 15:15:21 | [INFO]    | Connecting to Discord...
2023-01-20 15:15:22 | [INFO]    | Authenticated as stuart vilrite#2105
2023-01-20 15:15:22 | [INFO]    | Launching shard 0 (1 out of 1)...
2023-01-20 15:15:23 | [INFO]    | Discordia 2.11.0
2023-01-20 15:15:23 | [INFO]    | Connecting to Discord...
2023-01-20 15:15:24 | [INFO]    | Authenticated as stuart vilrite#2105
2023-01-20 15:15:24 | [INFO]    | Launching shard 0 (1 out of 1)...
2023-01-20 15:15:24 | [INFO]    | Shard 0 : Connected to wss://gateway.discord.gg
2023-01-20 15:15:24 | [INFO]    | Shard 0 : Received HELLO
2023-01-20 15:15:25 | [INFO]    | Discordia 2.11.0
2023-01-20 15:15:25 | [INFO]    | Connecting to Discord...
2023-01-20 15:15:25 | [INFO]    | Authenticated as stuart vilrite#2105
2023-01-20 15:15:25 | [INFO]    | Launching shard 0 (1 out of 1)...
2023-01-20 15:15:26 | [INFO]    | Shard 0 : Connected to wss://gateway.discord.gg
2023-01-20 15:15:26 | [INFO]    | Shard 0 : Received HELLO
2023-01-20 15:15:26 | [INFO]    | Shard 0 : Received READY
2023-01-20 15:15:28 | [INFO]    | Discordia 2.11.0
2023-01-20 15:15:28 | [INFO]    | Connecting to Discord...
2023-01-20 15:15:28 | [INFO]    | Authenticated as stuart vilrite#2105
2023-01-20 15:15:28 | [INFO]    | Launching shard 0 (1 out of 1)...
2023-01-20 15:15:30 | [INFO]    | Discordia 2.11.0
2023-01-20 15:15:30 | [INFO]    | Connecting to Discord...
2023-01-20 15:15:32 | [INFO]    | Discordia 2.11.0
2023-01-20 15:15:32 | [INFO]    | Connecting to Discord...
2023-01-20 15:15:32 | [INFO]    | Authenticated as stuart vilrite#2105
2023-01-20 15:15:32 | [INFO]    | Launching shard 0 (1 out of 1)...
2023-01-20 15:15:33 | [INFO]    | Discordia 2.11.0
2023-01-20 15:15:33 | [INFO]    | Connecting to Discord...
2023-01-20 15:15:33 | [INFO]    | Authenticated as stuart vilrite#2105
2023-01-20 15:15:33 | [INFO]    | Launching shard 0 (1 out of 1)...
2023-01-20 15:15:33 | [INFO]    | Shard 0 : Connected to wss://gateway.discord.gg
2023-01-20 15:15:33 | [INFO]    | Shard 0 : Received HELLO
2023-01-20 15:15:33 | [INFO]    | Shard 0 : Received READY
2023-01-20 15:15:37 | [INFO]    | Discordia 2.11.0
2023-01-20 15:15:37 | [INFO]    | Connecting to Discord...
2023-01-20 15:15:38 | [INFO]    | Discordia 2.11.0
2023-01-20 15:15:38 | [INFO]    | Connecting to Discord...
2023-01-20 15:15:39 | [INFO]    | Authenticated as stuart vilrite#2105
2023-01-20 15:15:39 | [INFO]    | Launching shard 0 (1 out of 1)...
2023-01-20 15:15:40 | [INFO]    | Discordia 2.11.0
2023-01-20 15:15:40 | [INFO]    | Connecting to Discord...
2023-01-20 15:15:40 | [INFO]    | Authenticated as stuart vilrite#2105
2023-01-20 15:15:40 | [INFO]    | Launching shard 0 (1 out of 1)...
2023-01-20 15:15:41 | [INFO]    | Discordia 2.11.0
2023-01-20 15:15:41 | [INFO]    | Connecting to Discord...
2023-01-20 15:15:43 | [INFO]    | Discordia 2.11.0
2023-01-20 15:15:43 | [INFO]    | Connecting to Discord...
2023-01-20 15:15:44 | [INFO]    | Discordia 2.11.0
2023-01-20 15:15:44 | [INFO]    | Connecting to Discord...
2023-01-20 15:15:44 | [INFO]    | Authenticated as stuart vilrite#2105
2023-01-20 15:15:44 | [INFO]    | Launching shard 0 (1 out of 1)...
2023-01-20 15:23:33 | [INFO]    | Discordia 2.11.0
2023-01-20 15:23:33 | [INFO]    | Connecting to Discord...
2023-01-20 15:23:34 | [INFO]    | Authenticated as stuart vilrite#2105
2023-01-20 15:23:34 | [INFO]    | Launching shard 0 (1 out of 1)...
2023-01-20 15:23:34 | [INFO]    | Shard 0 : Connected to wss://gateway.discord.gg
2023-01-20 15:23:34 | [INFO]    | Shard 0 : Received HELLO
2023-01-20 15:23:34 | [INFO]    | Shard 0 : Received READY
2023-01-20 15:24:00 | [INFO]    | Discordia 2.11.0
2023-01-20 15:24:00 | [INFO]    | Connecting to Discord...
2023-01-20 15:24:00 | [INFO]    | Authenticated as stuart vilrite#2105
2023-01-20 15:24:00 | [INFO]    | Launching shard 0 (1 out of 1)...
2023-01-20 15:24:01 | [INFO]    | Shard 0 : Connected to wss://gateway.discord.gg
2023-01-20 15:24:01 | [INFO]    | Shard 0 : Received HELLO
2023-01-20 15:24:01 | [INFO]    | Shard 0 : Received READY
2023-01-20 15:25:37 | [INFO]    | Discordia 2.11.0
2023-01-20 15:25:37 | [INFO]    | Connecting to Discord...
2023-01-20 15:25:38 | [INFO]    | Authenticated as stuart vilrite#2105
2023-01-20 15:25:38 | [INFO]    | Launching shard 0 (1 out of 1)...
2023-01-20 15:25:38 | [INFO]    | Shard 0 : Connected to wss://gateway.discord.gg
2023-01-20 15:25:38 | [INFO]    | Shard 0 : Received HELLO
2023-01-20 15:25:38 | [INFO]    | Shard 0 : Received READY
2023-01-20 15:44:44 | [INFO]    | Discordia 2.11.0
2023-01-20 15:44:44 | [INFO]    | Connecting to Discord...
2023-01-20 15:44:44 | [INFO]    | Authenticated as stuart vilrite#2105
2023-01-20 15:44:44 | [INFO]    | Launching shard 0 (1 out of 1)...
2023-01-20 15:44:45 | [INFO]    | Shard 0 : Connected to wss://gateway.discord.gg
2023-01-20 15:44:45 | [INFO]    | Shard 0 : Received HELLO
2023-01-20 15:44:45 | [INFO]    | Shard 0 : Received READY
2023-01-20 15:45:38 | [INFO]    | Discordia 2.11.0
2023-01-20 15:45:38 | [INFO]    | Connecting to Discord...
2023-01-20 15:45:38 | [INFO]    | Authenticated as stuart vilrite#2105
2023-01-20 15:45:38 | [INFO]    | Launching shard 0 (1 out of 1)...
2023-01-20 15:45:38 | [INFO]    | Shard 0 : Connected to wss://gateway.discord.gg
2023-01-20 15:45:38 | [INFO]    | Shard 0 : Received HELLO
2023-01-20 15:45:39 | [INFO]    | Shard 0 : Received READY
2023-01-20 15:54:11 | [INFO]    | Discordia 2.11.0
2023-01-20 15:54:11 | [INFO]    | Connecting to Discord...
2023-01-20 15:54:11 | [INFO]    | Authenticated as stuart vilrite#2105
2023-01-20 15:54:11 | [INFO]    | Launching shard 0 (1 out of 1)...
2023-01-20 15:54:11 | [INFO]    | Shard 0 : Connected to wss://gateway.discord.gg
2023-01-20 15:54:11 | [INFO]    | Shard 0 : Received HELLO
2023-01-20 15:54:12 | [INFO]    | Shard 0 : Received READY
2023-01-20 15:56:59 | [INFO]    | Discordia 2.11.0
2023-01-20 15:56:59 | [INFO]    | Connecting to Discord...
2023-01-20 15:56:59 | [INFO]    | Authenticated as stuart vilrite#2105
2023-01-20 15:56:59 | [INFO]    | Launching shard 0 (1 out of 1)...
2023-01-20 15:56:59 | [INFO]    | Shard 0 : Connected to wss://gateway.discord.gg
2023-01-20 15:56:59 | [INFO]    | Shard 0 : Received HELLO
2023-01-20 15:56:59 | [INFO]    | Shard 0 : Received READY
2023-01-20 15:58:02 | [INFO]    | Discordia 2.11.0
2023-01-20 15:58:02 | [INFO]    | Connecting to Discord...
2023-01-20 15:58:02 | [INFO]    | Authenticated as stuart vilrite#2105
2023-01-20 15:58:02 | [INFO]    | Launching shard 0 (1 out of 1)...
2023-01-20 15:58:02 | [INFO]    | Shard 0 : Connected to wss://gateway.discord.gg
2023-01-20 15:58:02 | [INFO]    | Shard 0 : Received HELLO
2023-01-20 15:58:02 | [INFO]    | Shard 0 : Received READY
2023-01-20 15:58:36 | [INFO]    | Discordia 2.11.0
2023-01-20 15:58:36 | [INFO]    | Connecting to Discord...
2023-01-20 15:58:36 | [INFO]    | Authenticated as stuart vilrite#2105
2023-01-20 15:58:36 | [INFO]    | Launching shard 0 (1 out of 1)...
2023-01-20 15:58:36 | [INFO]    | Shard 0 : Connected to wss://gateway.discord.gg
2023-01-20 15:58:36 | [INFO]    | Shard 0 : Received HELLO
2023-01-20 15:58:36 | [INFO]    | Shard 0 : Received READY
2023-01-20 16:00:41 | [INFO]    | Discordia 2.11.0
2023-01-20 16:00:41 | [INFO]    | Connecting to Discord...
2023-01-20 16:00:41 | [INFO]    | Authenticated as stuart vilrite#2105
2023-01-20 16:00:41 | [INFO]    | Launching shard 0 (1 out of 1)...
2023-01-20 16:00:41 | [INFO]    | Shard 0 : Connected to wss://gateway.discord.gg
2023-01-20 16:00:41 | [INFO]    | Shard 0 : Received HELLO
2023-01-20 16:00:41 | [INFO]    | Shard 0 : Received READY
2023-01-20 16:00:41 | [WARNING] | /home/runner/stuart-bot/main.lua:21: Client.setGame is deprecated; use Client.setActivity instead
2023-01-20 16:01:00 | [INFO]    | Discordia 2.11.0
2023-01-20 16:01:00 | [INFO]    | Connecting to Discord...
2023-01-20 16:01:00 | [INFO]    | Authenticated as stuart vilrite#2105
2023-01-20 16:01:00 | [INFO]    | Launching shard 0 (1 out of 1)...
2023-01-20 16:01:00 | [INFO]    | Shard 0 : Connected to wss://gateway.discord.gg
2023-01-20 16:01:00 | [INFO]    | Shard 0 : Received HELLO
2023-01-20 16:01:00 | [INFO]    | Shard 0 : Received READY
2023-01-20 16:01:25 | [INFO]    | Discordia 2.11.0
2023-01-20 16:01:25 | [INFO]    | Connecting to Discord...
2023-01-20 16:01:25 | [INFO]    | Authenticated as stuart vilrite#2105
2023-01-20 16:01:25 | [INFO]    | Launching shard 0 (1 out of 1)...
2023-01-20 16:01:25 | [INFO]    | Shard 0 : Connected to wss://gateway.discord.gg
2023-01-20 16:01:25 | [INFO]    | Shard 0 : Received HELLO
2023-01-20 16:01:25 | [INFO]    | Shard 0 : Received READY
2023-01-20 16:01:27 | [INFO]    | Discordia 2.11.0
2023-01-20 16:01:27 | [INFO]    | Connecting to Discord...
2023-01-20 16:01:28 | [INFO]    | Authenticated as stuart vilrite#2105
2023-01-20 16:01:28 | [INFO]    | Launching shard 0 (1 out of 1)...
2023-01-20 16:01:28 | [INFO]    | Shard 0 : Connected to wss://gateway.discord.gg
2023-01-20 16:01:28 | [INFO]    | Shard 0 : Received HELLO
2023-01-20 16:01:28 | [INFO]    | Shard 0 : Received READY
2023-01-20 16:02:36 | [INFO]    | Discordia 2.11.0
2023-01-20 16:02:36 | [INFO]    | Connecting to Discord...
2023-01-20 16:02:36 | [INFO]    | Authenticated as stuart vilrite#2105
2023-01-20 16:02:36 | [INFO]    | Launching shard 0 (1 out of 1)...
2023-01-20 16:02:36 | [INFO]    | Shard 0 : Connected to wss://gateway.discord.gg
2023-01-20 16:02:36 | [INFO]    | Shard 0 : Received HELLO
2023-01-20 16:02:37 | [INFO]    | Shard 0 : Received READY
2023-01-20 16:03:02 | [INFO]    | Discordia 2.11.0
2023-01-20 16:03:02 | [INFO]    | Connecting to Discord...
2023-01-20 16:03:02 | [INFO]    | Authenticated as stuart vilrite#2105
2023-01-20 16:03:02 | [INFO]    | Launching shard 0 (1 out of 1)...
2023-01-20 16:03:02 | [INFO]    | Shard 0 : Connected to wss://gateway.discord.gg
2023-01-20 16:03:02 | [INFO]    | Shard 0 : Received HELLO
2023-01-20 16:03:02 | [INFO]    | Shard 0 : Received READY
2023-01-20 16:03:28 | [INFO]    | Discordia 2.11.0
2023-01-20 16:03:28 | [INFO]    | Connecting to Discord...
2023-01-20 16:03:29 | [INFO]    | Authenticated as stuart vilrite#2105
2023-01-20 16:03:29 | [INFO]    | Launching shard 0 (1 out of 1)...
2023-01-20 16:03:29 | [INFO]    | Shard 0 : Connected to wss://gateway.discord.gg
2023-01-20 16:03:29 | [INFO]    | Shard 0 : Received HELLO
2023-01-20 16:03:29 | [INFO]    | Shard 0 : Received READY
2023-01-20 16:03:37 | [INFO]    | Discordia 2.11.0
2023-01-20 16:03:37 | [INFO]    | Connecting to Discord...
2023-01-20 16:03:37 | [INFO]    | Authenticated as stuart vilrite#2105
2023-01-20 16:03:37 | [INFO]    | Launching shard 0 (1 out of 1)...
2023-01-20 16:03:37 | [INFO]    | Shard 0 : Connected to wss://gateway.discord.gg
2023-01-20 16:03:37 | [INFO]    | Shard 0 : Received HELLO
2023-01-20 16:03:37 | [INFO]    | Shard 0 : Received READY
2023-01-20 16:13:09 | [INFO]    | Discordia 2.11.0
2023-01-20 16:13:09 | [INFO]    | Connecting to Discord...
2023-01-20 16:13:09 | [INFO]    | Authenticated as stuart vilrite#2105
2023-01-20 16:13:09 | [INFO]    | Launching shard 0 (1 out of 1)...
2023-01-20 16:13:09 | [INFO]    | Shard 0 : Connected to wss://gateway.discord.gg
2023-01-20 16:13:09 | [INFO]    | Shard 0 : Received HELLO
2023-01-20 16:13:10 | [INFO]    | Shard 0 : Received READY
2023-01-20 16:13:40 | [INFO]    | Discordia 2.11.0
2023-01-20 16:13:40 | [INFO]    | Connecting to Discord...
2023-01-20 16:13:40 | [INFO]    | Authenticated as stuart vilrite#2105
2023-01-20 16:13:40 | [INFO]    | Launching shard 0 (1 out of 1)...
2023-01-20 16:13:40 | [INFO]    | Shard 0 : Connected to wss://gateway.discord.gg
2023-01-20 16:13:40 | [INFO]    | Shard 0 : Received HELLO
2023-01-20 16:13:41 | [INFO]    | Shard 0 : Received READY
2023-01-20 16:14:36 | [INFO]    | Discordia 2.11.0
2023-01-20 16:14:36 | [INFO]    | Connecting to Discord...
2023-01-20 16:14:36 | [INFO]    | Authenticated as stuart vilrite#2105
2023-01-20 16:14:36 | [INFO]    | Launching shard 0 (1 out of 1)...
2023-01-20 16:14:36 | [INFO]    | Shard 0 : Connected to wss://gateway.discord.gg
2023-01-20 16:14:36 | [INFO]    | Shard 0 : Received HELLO
2023-01-20 16:14:36 | [INFO]    | Shard 0 : Received READY
2023-01-20 16:14:40 | [INFO]    | Discordia 2.11.0
2023-01-20 16:14:40 | [INFO]    | Connecting to Discord...
2023-01-20 16:14:40 | [INFO]    | Authenticated as stuart vilrite#2105
2023-01-20 16:14:40 | [INFO]    | Launching shard 0 (1 out of 1)...
2023-01-20 16:14:40 | [INFO]    | Shard 0 : Connected to wss://gateway.discord.gg
2023-01-20 16:14:40 | [INFO]    | Shard 0 : Received HELLO
2023-01-20 16:14:40 | [INFO]    | Shard 0 : Received READY
2023-01-20 16:16:24 | [INFO]    | Discordia 2.11.0
2023-01-20 16:16:24 | [INFO]    | Connecting to Discord...
2023-01-20 16:16:24 | [INFO]    | Authenticated as stuart vilrite#2105
2023-01-20 16:16:24 | [INFO]    | Launching shard 0 (1 out of 1)...
2023-01-20 16:16:24 | [INFO]    | Shard 0 : Connected to wss://gateway.discord.gg
2023-01-20 16:16:24 | [INFO]    | Shard 0 : Received HELLO
2023-01-20 16:16:24 | [INFO]    | Shard 0 : Received READY
2023-01-20 16:30:08 | [INFO]    | Discordia 2.11.0
2023-01-20 16:30:08 | [INFO]    | Connecting to Discord...
2023-01-20 16:30:08 | [INFO]    | Authenticated as stuart vilrite#2105
2023-01-20 16:30:08 | [INFO]    | Launching shard 0 (1 out of 1)...
2023-01-20 16:30:08 | [INFO]    | Shard 0 : Connected to wss://gateway.discord.gg
2023-01-20 16:30:08 | [INFO]    | Shard 0 : Received HELLO
2023-01-20 16:30:08 | [INFO]    | Shard 0 : Received READY
2023-01-20 16:41:00 | [INFO]    | Discordia 2.11.0
2023-01-20 16:41:00 | [INFO]    | Connecting to Discord...
2023-01-20 16:41:00 | [INFO]    | Authenticated as stuart vilrite#2105
2023-01-20 16:41:00 | [INFO]    | Launching shard 0 (1 out of 1)...
2023-01-20 16:41:00 | [INFO]    | Shard 0 : Connected to wss://gateway.discord.gg
2023-01-20 16:41:00 | [INFO]    | Shard 0 : Received HELLO
2023-01-20 16:41:00 | [INFO]    | Shard 0 : Received READY
2023-01-20 16:43:58 | [INFO]    | Discordia 2.11.0
2023-01-20 16:43:58 | [INFO]    | Connecting to Discord...
2023-01-20 16:43:59 | [INFO]    | Authenticated as stuart vilrite#2105
2023-01-20 16:43:59 | [INFO]    | Launching shard 0 (1 out of 1)...
2023-01-20 16:43:59 | [INFO]    | Shard 0 : Connected to wss://gateway.discord.gg
2023-01-20 16:43:59 | [INFO]    | Shard 0 : Received HELLO
2023-01-20 16:43:59 | [INFO]    | Shard 0 : Received READY
2023-01-20 16:58:15 | [INFO]    | Discordia 2.11.0
2023-01-20 16:58:15 | [INFO]    | Connecting to Discord...
2023-01-20 16:58:15 | [INFO]    | Authenticated as stuart vilrite#2105
2023-01-20 16:58:15 | [INFO]    | Launching shard 0 (1 out of 1)...
2023-01-20 16:58:15 | [INFO]    | Shard 0 : Connected to wss://gateway.discord.gg
2023-01-20 16:58:15 | [INFO]    | Shard 0 : Received HELLO
2023-01-20 16:58:15 | [INFO]    | Shard 0 : Received READY
2023-01-20 16:59:20 | [INFO]    | Discordia 2.11.0
2023-01-20 16:59:20 | [INFO]    | Connecting to Discord...
2023-01-20 16:59:20 | [INFO]    | Authenticated as stuart vilrite#2105
2023-01-20 16:59:20 | [INFO]    | Launching shard 0 (1 out of 1)...
2023-01-20 16:59:20 | [INFO]    | Shard 0 : Connected to wss://gateway.discord.gg
2023-01-20 16:59:20 | [INFO]    | Shard 0 : Received HELLO
2023-01-20 16:59:20 | [INFO]    | Shard 0 : Received READY
2023-01-20 16:59:49 | [WARNING] | Uncached TextChannel (1065786868920242177) on MESSAGE_CREATE
2023-01-20 17:00:33 | [INFO]    | Discordia 2.11.0
2023-01-20 17:00:33 | [INFO]    | Connecting to Discord...
2023-01-20 17:00:33 | [INFO]    | Authenticated as stuart vilrite#2105
2023-01-20 17:00:33 | [INFO]    | Launching shard 0 (1 out of 1)...
2023-01-20 17:00:33 | [INFO]    | Shard 0 : Connected to wss://gateway.discord.gg
2023-01-20 17:00:33 | [INFO]    | Shard 0 : Received HELLO
2023-01-20 17:00:33 | [INFO]    | Shard 0 : Received READY
2023-01-20 17:01:52 | [INFO]    | Discordia 2.11.0
2023-01-20 17:01:52 | [INFO]    | Connecting to Discord...
2023-01-20 17:01:52 | [INFO]    | Authenticated as stuart vilrite#2105
2023-01-20 17:01:52 | [INFO]    | Launching shard 0 (1 out of 1)...
2023-01-20 17:01:52 | [INFO]    | Shard 0 : Connected to wss://gateway.discord.gg
2023-01-20 17:01:52 | [INFO]    | Shard 0 : Received HELLO
2023-01-20 17:01:52 | [INFO]    | Shard 0 : Received READY
2023-01-20 17:01:53 | [ERROR]   | 400 - Bad Request : POST https://discord.com/api/v8/applications/1065733704967790712/guilds/nil/commands
2023-01-20 17:01:53 | [ERROR]   | 400 - Bad Request : POST https://discord.com/api/v8/applications/1065733704967790712/guilds/nil/commands
2023-01-20 17:02:09 | [INFO]    | Discordia 2.11.0
2023-01-20 17:02:09 | [INFO]    | Connecting to Discord...
2023-01-20 17:02:09 | [INFO]    | Authenticated as stuart vilrite#2105
2023-01-20 17:02:09 | [INFO]    | Launching shard 0 (1 out of 1)...
2023-01-20 17:02:09 | [INFO]    | Shard 0 : Connected to wss://gateway.discord.gg
2023-01-20 17:02:09 | [INFO]    | Shard 0 : Received HELLO
2023-01-20 17:02:09 | [INFO]    | Shard 0 : Received READY
2023-01-20 17:02:10 | [ERROR]   | 400 - Bad Request : POST https://discord.com/api/v8/applications/1065733704967790712/guilds/nil/commands
2023-01-20 17:02:10 | [ERROR]   | 400 - Bad Request : POST https://discord.com/api/v8/applications/1065733704967790712/guilds/nil/commands
2023-01-20 17:29:37 | [INFO]    | Discordia 2.11.0
2023-01-20 17:29:37 | [INFO]    | Connecting to Discord...
2023-01-20 17:29:37 | [INFO]    | Authenticated as stuart vilrite#2105
2023-01-20 17:29:37 | [ERROR]   | Could not get gateway: /home/runner/stuart-bot/deps/http-codec.lua:256: chunk-size field too large
2023-01-20 17:30:01 | [INFO]    | Discordia 2.11.0
2023-01-20 17:30:01 | [INFO]    | Connecting to Discord...
2023-01-20 17:30:02 | [INFO]    | Authenticated as stuart vilrite#2105
2023-01-20 17:30:02 | [INFO]    | Launching shard 0 (1 out of 1)...
2023-01-20 17:30:02 | [INFO]    | Shard 0 : Connected to wss://gateway.discord.gg
2023-01-20 17:30:02 | [INFO]    | Shard 0 : Received HELLO
2023-01-20 17:30:02 | [INFO]    | Shard 0 : Received READY
2023-01-20 17:30:43 | [INFO]    | Discordia 2.11.0
2023-01-20 17:30:43 | [INFO]    | Connecting to Discord...
2023-01-20 17:30:43 | [INFO]    | Authenticated as stuart vilrite#2105
2023-01-20 17:30:43 | [INFO]    | Launching shard 0 (1 out of 1)...
2023-01-20 17:30:43 | [INFO]    | Shard 0 : Connected to wss://gateway.discord.gg
2023-01-20 17:30:43 | [INFO]    | Shard 0 : Received HELLO
2023-01-20 17:30:43 | [INFO]    | Shard 0 : Received READY
2023-01-20 17:44:41 | [INFO]    | Discordia 2.11.0
2023-01-20 17:44:41 | [INFO]    | Connecting to Discord...
2023-01-20 17:44:41 | [INFO]    | Authenticated as stuart vilrite#2105
2023-01-20 17:44:41 | [INFO]    | Launching shard 0 (1 out of 1)...
2023-01-20 17:44:41 | [INFO]    | Shard 0 : Connected to wss://gateway.discord.gg
2023-01-20 17:44:41 | [INFO]    | Shard 0 : Received HELLO
2023-01-20 17:44:41 | [INFO]    | Shard 0 : Received READY
2023-01-20 18:04:09 | [INFO]    | Discordia 2.11.0
2023-01-20 18:04:09 | [INFO]    | Connecting to Discord...
2023-01-20 18:04:09 | [INFO]    | Authenticated as stuart vilrite#2105
2023-01-20 18:04:09 | [INFO]    | Launching shard 0 (1 out of 1)...
2023-01-20 18:04:09 | [INFO]    | Shard 0 : Connected to wss://gateway.discord.gg
2023-01-20 18:04:09 | [INFO]    | Shard 0 : Received HELLO
2023-01-20 18:04:09 | [INFO]    | Shard 0 : Received READY
2023-01-20 18:15:38 | [INFO]    | Discordia 2.11.0
2023-01-20 18:15:38 | [INFO]    | Connecting to Discord...
2023-01-20 18:15:38 | [INFO]    | Authenticated as stuart vilrite#2105
2023-01-20 18:15:38 | [INFO]    | Launching shard 0 (1 out of 1)...
2023-01-20 18:15:39 | [INFO]    | Shard 0 : Connected to wss://gateway.discord.gg
2023-01-20 18:15:39 | [INFO]    | Shard 0 : Received HELLO
2023-01-20 18:15:39 | [INFO]    | Shard 0 : Received READY
2023-01-20 18:15:54 | [INFO]    | Discordia 2.11.0
2023-01-20 18:15:54 | [INFO]    | Connecting to Discord...
2023-01-20 18:15:54 | [INFO]    | Authenticated as stuart vilrite#2105
2023-01-20 18:15:54 | [INFO]    | Launching shard 0 (1 out of 1)...
2023-01-20 18:15:54 | [INFO]    | Shard 0 : Connected to wss://gateway.discord.gg
2023-01-20 18:15:54 | [INFO]    | Shard 0 : Received HELLO
2023-01-20 18:15:54 | [INFO]    | Shard 0 : Received READY
2023-01-20 18:16:09 | [INFO]    | Discordia 2.11.0
2023-01-20 18:16:09 | [INFO]    | Connecting to Discord...
2023-01-20 18:16:09 | [INFO]    | Authenticated as stuart vilrite#2105
2023-01-20 18:16:09 | [INFO]    | Launching shard 0 (1 out of 1)...
2023-01-20 18:16:09 | [INFO]    | Shard 0 : Connected to wss://gateway.discord.gg
2023-01-20 18:16:09 | [INFO]    | Shard 0 : Received HELLO
2023-01-20 18:16:09 | [INFO]    | Shard 0 : Received READY
2023-01-20 18:24:25 | [INFO]    | Discordia 2.11.0
2023-01-20 18:24:25 | [INFO]    | Connecting to Discord...
2023-01-20 18:24:25 | [INFO]    | Authenticated as stuart vilrite#2105
2023-01-20 18:24:25 | [INFO]    | Launching shard 0 (1 out of 1)...
2023-01-20 18:24:25 | [INFO]    | Shard 0 : Connected to wss://gateway.discord.gg
2023-01-20 18:24:25 | [INFO]    | Shard 0 : Received HELLO
2023-01-20 18:24:25 | [INFO]    | Shard 0 : Received READY
2023-01-20 18:42:00 | [INFO]    | Discordia 2.11.0
2023-01-20 18:42:00 | [INFO]    | Connecting to Discord...
2023-01-20 18:42:00 | [INFO]    | Authenticated as stuart vilrite#2105
2023-01-20 18:42:01 | [INFO]    | Launching shard 0 (1 out of 1)...
2023-01-20 18:42:01 | [INFO]    | Shard 0 : Connected to wss://gateway.discord.gg
2023-01-20 18:42:01 | [INFO]    | Shard 0 : Received HELLO
2023-01-20 18:42:01 | [INFO]    | Shard 0 : Received READY
2023-01-20 18:49:52 | [INFO]    | Discordia 2.11.0
2023-01-20 18:49:52 | [INFO]    | Connecting to Discord...
2023-01-20 18:49:52 | [INFO]    | Authenticated as stuart vilrite#2105
2023-01-20 18:49:52 | [INFO]    | Launching shard 0 (1 out of 1)...
2023-01-20 18:49:52 | [INFO]    | Shard 0 : Connected to wss://gateway.discord.gg
2023-01-20 18:49:52 | [INFO]    | Shard 0 : Received HELLO
2023-01-20 18:49:52 | [INFO]    | Shard 0 : Received READY
2023-01-20 18:50:27 | [INFO]    | Discordia 2.11.0
2023-01-20 18:50:27 | [INFO]    | Connecting to Discord...
2023-01-20 18:50:27 | [INFO]    | Authenticated as stuart vilrite#2105
2023-01-20 18:50:27 | [INFO]    | Launching shard 0 (1 out of 1)...
2023-01-20 18:50:27 | [INFO]    | Shard 0 : Connected to wss://gateway.discord.gg
2023-01-20 18:50:27 | [INFO]    | Shard 0 : Received HELLO
2023-01-20 18:50:28 | [INFO]    | Shard 0 : Received READY
2023-01-20 18:50:52 | [INFO]    | Discordia 2.11.0
2023-01-20 18:50:52 | [INFO]    | Connecting to Discord...
2023-01-20 18:50:52 | [INFO]    | Authenticated as stuart vilrite#2105
2023-01-20 18:50:52 | [INFO]    | Launching shard 0 (1 out of 1)...
2023-01-20 18:50:52 | [INFO]    | Shard 0 : Connected to wss://gateway.discord.gg
2023-01-20 18:50:52 | [INFO]    | Shard 0 : Received HELLO
2023-01-20 18:50:52 | [INFO]    | Shard 0 : Received READY
2023-01-20 18:54:20 | [INFO]    | Discordia 2.11.0
2023-01-20 18:54:20 | [INFO]    | Connecting to Discord...
2023-01-20 18:54:20 | [INFO]    | Authenticated as stuart vilrite#2105
2023-01-20 18:54:20 | [INFO]    | Launching shard 0 (1 out of 1)...
2023-01-20 18:54:20 | [INFO]    | Shard 0 : Connected to wss://gateway.discord.gg
2023-01-20 18:54:20 | [INFO]    | Shard 0 : Received HELLO
2023-01-20 18:54:20 | [INFO]    | Shard 0 : Received READY
2023-01-20 18:54:46 | [INFO]    | Discordia 2.11.0
2023-01-20 18:54:46 | [INFO]    | Connecting to Discord...
2023-01-20 18:54:46 | [INFO]    | Authenticated as stuart vilrite#2105
2023-01-20 18:54:46 | [INFO]    | Launching shard 0 (1 out of 1)...
2023-01-20 18:54:47 | [INFO]    | Shard 0 : Connected to wss://gateway.discord.gg
2023-01-20 18:54:47 | [INFO]    | Shard 0 : Received HELLO
2023-01-20 18:54:47 | [INFO]    | Shard 0 : Received READY
2023-01-20 18:55:12 | [INFO]    | Discordia 2.11.0
2023-01-20 18:55:12 | [INFO]    | Connecting to Discord...
2023-01-20 18:55:12 | [INFO]    | Authenticated as stuart vilrite#2105
2023-01-20 18:55:12 | [INFO]    | Launching shard 0 (1 out of 1)...
2023-01-20 18:55:12 | [INFO]    | Shard 0 : Connected to wss://gateway.discord.gg
2023-01-20 18:55:12 | [INFO]    | Shard 0 : Received HELLO
2023-01-20 18:55:12 | [INFO]    | Shard 0 : Received READY
2023-01-20 18:59:11 | [INFO]    | Discordia 2.11.0
2023-01-20 18:59:11 | [INFO]    | Connecting to Discord...
2023-01-20 18:59:11 | [INFO]    | Authenticated as stuart vilrite#2105
2023-01-20 18:59:11 | [INFO]    | Launching shard 0 (1 out of 1)...
2023-01-20 18:59:12 | [INFO]    | Shard 0 : Connected to wss://gateway.discord.gg
2023-01-20 18:59:12 | [INFO]    | Shard 0 : Received HELLO
2023-01-20 18:59:12 | [INFO]    | Shard 0 : Received READY
2023-01-20 18:59:56 | [INFO]    | Discordia 2.11.0
2023-01-20 18:59:56 | [INFO]    | Connecting to Discord...
2023-01-20 18:59:57 | [INFO]    | Authenticated as stuart vilrite#2105
2023-01-20 18:59:57 | [INFO]    | Launching shard 0 (1 out of 1)...
2023-01-20 18:59:57 | [INFO]    | Shard 0 : Connected to wss://gateway.discord.gg
2023-01-20 18:59:57 | [INFO]    | Shard 0 : Received HELLO
2023-01-20 18:59:57 | [INFO]    | Shard 0 : Received READY
2023-01-20 19:02:18 | [INFO]    | Discordia 2.11.0
2023-01-20 19:02:18 | [INFO]    | Connecting to Discord...
2023-01-20 19:02:18 | [INFO]    | Authenticated as stuart vilrite#2105
2023-01-20 19:02:18 | [INFO]    | Launching shard 0 (1 out of 1)...
2023-01-20 19:02:18 | [INFO]    | Shard 0 : Connected to wss://gateway.discord.gg
2023-01-20 19:02:18 | [INFO]    | Shard 0 : Received HELLO
2023-01-20 19:02:18 | [INFO]    | Shard 0 : Received READY
2023-01-20 19:09:56 | [INFO]    | Discordia 2.11.0
2023-01-20 19:09:56 | [INFO]    | Connecting to Discord...
2023-01-20 19:09:56 | [INFO]    | Authenticated as stuart vilrite#2105
2023-01-20 19:09:56 | [INFO]    | Launching shard 0 (1 out of 1)...
2023-01-20 19:09:56 | [INFO]    | Shard 0 : Connected to wss://gateway.discord.gg
2023-01-20 19:09:56 | [INFO]    | Shard 0 : Received HELLO
2023-01-20 19:09:56 | [INFO]    | Shard 0 : Received READY
2023-01-20 19:10:55 | [INFO]    | Discordia 2.11.0
2023-01-20 19:10:55 | [INFO]    | Connecting to Discord...
2023-01-20 19:10:55 | [INFO]    | Authenticated as stuart vilrite#2105
2023-01-20 19:10:55 | [INFO]    | Launching shard 0 (1 out of 1)...
2023-01-20 19:10:56 | [INFO]    | Shard 0 : Connected to wss://gateway.discord.gg
2023-01-20 19:10:56 | [INFO]    | Shard 0 : Received HELLO
2023-01-20 19:10:56 | [INFO]    | Shard 0 : Received READY
2023-01-20 19:13:57 | [INFO]    | Discordia 2.11.0
2023-01-20 19:13:57 | [INFO]    | Connecting to Discord...
2023-01-20 19:13:58 | [INFO]    | Authenticated as stuart vilrite#2105
2023-01-20 19:13:58 | [INFO]    | Launching shard 0 (1 out of 1)...
2023-01-20 19:13:58 | [INFO]    | Shard 0 : Connected to wss://gateway.discord.gg
2023-01-20 19:13:58 | [INFO]    | Shard 0 : Received HELLO
2023-01-20 19:13:58 | [INFO]    | Shard 0 : Received READY
2023-01-20 19:17:15 | [INFO]    | Discordia 2.11.0
2023-01-20 19:17:15 | [INFO]    | Connecting to Discord...
2023-01-20 19:17:15 | [INFO]    | Authenticated as stuart vilrite#2105
2023-01-20 19:17:15 | [INFO]    | Launching shard 0 (1 out of 1)...
2023-01-20 19:17:15 | [INFO]    | Shard 0 : Connected to wss://gateway.discord.gg
2023-01-20 19:17:15 | [INFO]    | Shard 0 : Received HELLO
2023-01-20 19:17:15 | [INFO]    | Shard 0 : Received READY
2023-01-20 19:19:20 | [INFO]    | Discordia 2.11.0
2023-01-20 19:19:20 | [INFO]    | Connecting to Discord...
2023-01-20 19:19:21 | [INFO]    | Authenticated as stuart vilrite#2105
2023-01-20 19:19:21 | [INFO]    | Launching shard 0 (1 out of 1)...
2023-01-20 19:19:21 | [INFO]    | Shard 0 : Connected to wss://gateway.discord.gg
2023-01-20 19:19:21 | [INFO]    | Shard 0 : Received HELLO
2023-01-20 19:19:21 | [INFO]    | Shard 0 : Received READY
2023-01-20 19:19:21 | [ERROR]   | 400 - Bad Request : POST https://discord.com/api/v8/applications/1065733704967790712/guilds/1052305529021665411/commands
2023-01-20 19:19:22 | [ERROR]   | 400 - Bad Request : POST https://discord.com/api/v8/applications/1065733704967790712/guilds/1065772613403688980/commands
2023-01-20 19:20:46 | [INFO]    | Discordia 2.11.0
2023-01-20 19:20:46 | [INFO]    | Connecting to Discord...
2023-01-20 19:20:46 | [INFO]    | Authenticated as stuart vilrite#2105
2023-01-20 19:20:46 | [INFO]    | Launching shard 0 (1 out of 1)...
2023-01-20 19:20:47 | [INFO]    | Shard 0 : Connected to wss://gateway.discord.gg
2023-01-20 19:20:47 | [INFO]    | Shard 0 : Received HELLO
2023-01-20 19:20:47 | [INFO]    | Shard 0 : Received READY
2023-01-20 19:20:47 | [ERROR]   | 400 - Bad Request : POST https://discord.com/api/v8/applications/1065733704967790712/guilds/1052305529021665411/commands
2023-01-20 19:20:47 | [ERROR]   | 400 - Bad Request : POST https://discord.com/api/v8/applications/1065733704967790712/guilds/1065772613403688980/commands
2023-01-20 19:23:22 | [INFO]    | Discordia 2.11.0
2023-01-20 19:23:22 | [INFO]    | Connecting to Discord...
2023-01-20 19:23:22 | [INFO]    | Authenticated as stuart vilrite#2105
2023-01-20 19:23:22 | [INFO]    | Launching shard 0 (1 out of 1)...
2023-01-20 19:23:22 | [INFO]    | Shard 0 : Connected to wss://gateway.discord.gg
2023-01-20 19:23:22 | [INFO]    | Shard 0 : Received HELLO
2023-01-20 19:23:22 | [INFO]    | Shard 0 : Received READY
2023-01-20 19:23:22 | [ERROR]   | 400 - Bad Request : POST https://discord.com/api/v8/applications/1065733704967790712/guilds/1052305529021665411/commands
2023-01-20 19:23:23 | [ERROR]   | 400 - Bad Request : POST https://discord.com/api/v8/applications/1065733704967790712/guilds/1065772613403688980/commands
2023-01-20 19:34:14 | [INFO]    | Discordia 2.11.0
2023-01-20 19:34:14 | [INFO]    | Connecting to Discord...
2023-01-20 19:34:14 | [INFO]    | Authenticated as stuart vilrite#2105
2023-01-20 19:34:14 | [INFO]    | Launching shard 0 (1 out of 1)...
2023-01-20 19:34:14 | [INFO]    | Shard 0 : Connected to wss://gateway.discord.gg
2023-01-20 19:34:14 | [INFO]    | Shard 0 : Received HELLO
2023-01-20 19:34:15 | [INFO]    | Shard 0 : Received READY
2023-01-20 19:34:15 | [ERROR]   | 400 - Bad Request : POST https://discord.com/api/v8/applications/1065733704967790712/guilds/1065772613403688980/commands
2023-01-20 19:34:15 | [ERROR]   | 400 - Bad Request : POST https://discord.com/api/v8/applications/1065733704967790712/guilds/1052305529021665411/commands
2023-01-20 19:35:48 | [INFO]    | Discordia 2.11.0
2023-01-20 19:35:48 | [INFO]    | Connecting to Discord...
2023-01-20 19:35:49 | [INFO]    | Authenticated as stuart vilrite#2105
2023-01-20 19:35:49 | [INFO]    | Launching shard 0 (1 out of 1)...
2023-01-20 19:35:49 | [INFO]    | Shard 0 : Connected to wss://gateway.discord.gg
2023-01-20 19:35:49 | [INFO]    | Shard 0 : Received HELLO
2023-01-20 19:35:49 | [INFO]    | Shard 0 : Received READY
2023-01-20 19:35:49 | [ERROR]   | 400 - Bad Request : POST https://discord.com/api/v8/applications/1065733704967790712/guilds/1052305529021665411/commands
2023-01-20 19:35:50 | [ERROR]   | 400 - Bad Request : POST https://discord.com/api/v8/applications/1065733704967790712/guilds/1065772613403688980/commands
2023-01-20 19:36:15 | [INFO]    | Discordia 2.11.0
2023-01-20 19:36:15 | [INFO]    | Connecting to Discord...
2023-01-20 19:36:15 | [INFO]    | Authenticated as stuart vilrite#2105
2023-01-20 19:36:15 | [INFO]    | Launching shard 0 (1 out of 1)...
2023-01-20 19:36:15 | [INFO]    | Shard 0 : Connected to wss://gateway.discord.gg
2023-01-20 19:36:15 | [INFO]    | Shard 0 : Received HELLO
2023-01-20 19:36:15 | [INFO]    | Shard 0 : Received READY
2023-01-20 19:36:18 | [INFO]    | Discordia 2.11.0
2023-01-20 19:36:18 | [INFO]    | Connecting to Discord...
2023-01-20 19:36:19 | [INFO]    | Authenticated as stuart vilrite#2105
2023-01-20 19:36:19 | [INFO]    | Launching shard 0 (1 out of 1)...
2023-01-20 19:36:19 | [INFO]    | Shard 0 : Connected to wss://gateway.discord.gg
2023-01-20 19:36:19 | [INFO]    | Shard 0 : Received HELLO
2023-01-20 19:36:19 | [INFO]    | Shard 0 : Received READY
2023-01-20 19:42:49 | [INFO]    | Discordia 2.11.0
2023-01-20 19:42:49 | [INFO]    | Connecting to Discord...
2023-01-20 19:42:49 | [INFO]    | Authenticated as stuart vilrite#2105
2023-01-20 19:42:49 | [INFO]    | Launching shard 0 (1 out of 1)...
2023-01-20 19:42:50 | [INFO]    | Shard 0 : Connected to wss://gateway.discord.gg
2023-01-20 19:42:50 | [INFO]    | Shard 0 : Received HELLO
2023-01-20 19:42:50 | [INFO]    | Shard 0 : Received READY
2023-01-20 19:43:49 | [INFO]    | Discordia 2.11.0
2023-01-20 19:43:49 | [INFO]    | Connecting to Discord...
2023-01-20 19:43:49 | [INFO]    | Authenticated as stuart vilrite#2105
2023-01-20 19:43:49 | [INFO]    | Launching shard 0 (1 out of 1)...
2023-01-20 19:43:49 | [INFO]    | Shard 0 : Connected to wss://gateway.discord.gg
2023-01-20 19:43:49 | [INFO]    | Shard 0 : Received HELLO
2023-01-20 19:43:49 | [INFO]    | Shard 0 : Received READY
2023-01-20 19:44:18 | [INFO]    | Discordia 2.11.0
2023-01-20 19:44:18 | [INFO]    | Connecting to Discord...
2023-01-20 19:44:19 | [INFO]    | Authenticated as stuart vilrite#2105
2023-01-20 19:44:19 | [INFO]    | Launching shard 0 (1 out of 1)...
2023-01-20 19:44:19 | [INFO]    | Shard 0 : Connected to wss://gateway.discord.gg
2023-01-20 19:44:19 | [INFO]    | Shard 0 : Received HELLO
2023-01-20 19:44:19 | [INFO]    | Shard 0 : Received READY
2023-01-20 19:45:07 | [INFO]    | Discordia 2.11.0
2023-01-20 19:45:07 | [INFO]    | Connecting to Discord...
2023-01-20 19:45:07 | [INFO]    | Authenticated as stuart vilrite#2105
2023-01-20 19:45:07 | [INFO]    | Launching shard 0 (1 out of 1)...
2023-01-20 19:45:07 | [INFO]    | Shard 0 : Connected to wss://gateway.discord.gg
2023-01-20 19:45:07 | [INFO]    | Shard 0 : Received HELLO
2023-01-20 19:45:07 | [INFO]    | Shard 0 : Received READY
2023-01-20 20:00:29 | [INFO]    | Discordia 2.11.0
2023-01-20 20:00:29 | [INFO]    | Connecting to Discord...
2023-01-20 20:00:29 | [INFO]    | Authenticated as stuart vilrite#2105
2023-01-20 20:00:29 | [INFO]    | Launching shard 0 (1 out of 1)...
2023-01-20 20:00:29 | [INFO]    | Shard 0 : Connected to wss://gateway.discord.gg
2023-01-20 20:00:29 | [INFO]    | Shard 0 : Received HELLO
2023-01-20 20:00:29 | [INFO]    | Shard 0 : Received READY
2023-01-20 20:03:03 | [INFO]    | Discordia 2.11.0
2023-01-20 20:03:03 | [INFO]    | Connecting to Discord...
2023-01-20 20:03:03 | [INFO]    | Authenticated as stuart vilrite#2105
2023-01-20 20:03:03 | [INFO]    | Launching shard 0 (1 out of 1)...
2023-01-20 20:03:03 | [INFO]    | Shard 0 : Connected to wss://gateway.discord.gg
2023-01-20 20:03:03 | [INFO]    | Shard 0 : Received HELLO
2023-01-20 20:03:04 | [INFO]    | Shard 0 : Received READY
2023-01-20 20:03:04 | [ERROR]   | 400 - Bad Request : POST https://discord.com/api/v8/applications/1065733704967790712/guilds/1065772613403688980/commands
2023-01-20 20:03:04 | [ERROR]   | 400 - Bad Request : POST https://discord.com/api/v8/applications/1065733704967790712/guilds/1052305529021665411/commands
2023-01-20 20:04:42 | [INFO]    | Discordia 2.11.0
2023-01-20 20:04:42 | [INFO]    | Connecting to Discord...
2023-01-20 20:04:42 | [INFO]    | Authenticated as stuart vilrite#2105
2023-01-20 20:04:42 | [INFO]    | Launching shard 0 (1 out of 1)...
2023-01-20 20:04:42 | [INFO]    | Shard 0 : Connected to wss://gateway.discord.gg
2023-01-20 20:04:42 | [INFO]    | Shard 0 : Received HELLO
2023-01-20 20:04:42 | [INFO]    | Shard 0 : Received READY
2023-01-20 20:04:43 | [ERROR]   | 400 - Bad Request : POST https://discord.com/api/v8/applications/1065733704967790712/guilds/1052305529021665411/commands
2023-01-20 20:04:43 | [ERROR]   | 400 - Bad Request : POST https://discord.com/api/v8/applications/1065733704967790712/guilds/1065772613403688980/commands
2023-01-20 20:06:30 | [INFO]    | Discordia 2.11.0
2023-01-20 20:06:30 | [INFO]    | Connecting to Discord...
2023-01-20 20:06:30 | [INFO]    | Authenticated as stuart vilrite#2105
2023-01-20 20:06:30 | [INFO]    | Launching shard 0 (1 out of 1)...
2023-01-20 20:06:30 | [INFO]    | Shard 0 : Connected to wss://gateway.discord.gg
2023-01-20 20:06:30 | [INFO]    | Shard 0 : Received HELLO
2023-01-20 20:06:31 | [INFO]    | Shard 0 : Received READY
2023-01-20 20:06:31 | [ERROR]   | 400 - Bad Request : POST https://discord.com/api/v8/applications/1065733704967790712/guilds/1052305529021665411/commands
2023-01-20 20:06:31 | [ERROR]   | 400 - Bad Request : POST https://discord.com/api/v8/applications/1065733704967790712/guilds/1065772613403688980/commands
2023-01-20 20:08:33 | [INFO]    | Discordia 2.11.0
2023-01-20 20:08:33 | [INFO]    | Connecting to Discord...
2023-01-20 20:08:33 | [INFO]    | Authenticated as stuart vilrite#2105
2023-01-20 20:08:33 | [INFO]    | Launching shard 0 (1 out of 1)...
2023-01-20 20:08:33 | [INFO]    | Shard 0 : Connected to wss://gateway.discord.gg
2023-01-20 20:08:33 | [INFO]    | Shard 0 : Received HELLO
2023-01-20 20:08:34 | [INFO]    | Shard 0 : Received READY
2023-01-20 20:08:34 | [ERROR]   | 400 - Bad Request : POST https://discord.com/api/v8/applications/1065733704967790712/guilds/1052305529021665411/commands
2023-01-20 20:08:34 | [ERROR]   | 400 - Bad Request : POST https://discord.com/api/v8/applications/1065733704967790712/guilds/1065772613403688980/commands
2023-01-20 20:08:41 | [INFO]    | Discordia 2.11.0
2023-01-20 20:08:41 | [INFO]    | Connecting to Discord...
2023-01-20 20:08:41 | [INFO]    | Authenticated as stuart vilrite#2105
2023-01-20 20:08:41 | [INFO]    | Launching shard 0 (1 out of 1)...
2023-01-20 20:08:41 | [INFO]    | Shard 0 : Connected to wss://gateway.discord.gg
2023-01-20 20:08:41 | [INFO]    | Shard 0 : Received HELLO
2023-01-20 20:08:42 | [INFO]    | Shard 0 : Received READY
2023-01-20 20:08:42 | [ERROR]   | 400 - Bad Request : POST https://discord.com/api/v8/applications/1065733704967790712/guilds/1065772613403688980/commands
2023-01-20 20:08:42 | [ERROR]   | 400 - Bad Request : POST https://discord.com/api/v8/applications/1065733704967790712/guilds/1052305529021665411/commands
2023-01-20 20:09:07 | [INFO]    | Discordia 2.11.0
2023-01-20 20:09:07 | [INFO]    | Connecting to Discord...
2023-01-20 20:09:08 | [INFO]    | Authenticated as stuart vilrite#2105
2023-01-20 20:09:08 | [INFO]    | Launching shard 0 (1 out of 1)...
2023-01-20 20:09:08 | [INFO]    | Shard 0 : Connected to wss://gateway.discord.gg
2023-01-20 20:09:08 | [INFO]    | Shard 0 : Received HELLO
2023-01-20 20:09:08 | [INFO]    | Shard 0 : Received READY
2023-01-20 20:09:08 | [ERROR]   | 400 - Bad Request : POST https://discord.com/api/v8/applications/1065733704967790712/guilds/1052305529021665411/commands
2023-01-20 20:09:08 | [ERROR]   | 400 - Bad Request : POST https://discord.com/api/v8/applications/1065733704967790712/guilds/1065772613403688980/commands
2023-01-20 20:09:41 | [INFO]    | Discordia 2.11.0
2023-01-20 20:09:41 | [INFO]    | Connecting to Discord...
2023-01-20 20:09:41 | [INFO]    | Authenticated as stuart vilrite#2105
2023-01-20 20:09:41 | [INFO]    | Launching shard 0 (1 out of 1)...
2023-01-20 20:09:41 | [INFO]    | Shard 0 : Connected to wss://gateway.discord.gg
2023-01-20 20:09:41 | [INFO]    | Shard 0 : Received HELLO
2023-01-20 20:09:41 | [INFO]    | Shard 0 : Received READY
2023-01-20 20:09:42 | [ERROR]   | 400 - Bad Request : POST https://discord.com/api/v8/applications/1065733704967790712/guilds/1052305529021665411/commands
2023-01-20 20:09:42 | [ERROR]   | 400 - Bad Request : POST https://discord.com/api/v8/applications/1065733704967790712/guilds/1065772613403688980/commands
2023-01-20 20:11:20 | [INFO]    | Discordia 2.11.0
2023-01-20 20:11:20 | [INFO]    | Connecting to Discord...
2023-01-20 20:11:20 | [INFO]    | Authenticated as stuart vilrite#2105
2023-01-20 20:11:20 | [INFO]    | Launching shard 0 (1 out of 1)...
2023-01-20 20:11:20 | [INFO]    | Shard 0 : Connected to wss://gateway.discord.gg
2023-01-20 20:11:20 | [INFO]    | Shard 0 : Received HELLO
2023-01-20 20:11:20 | [INFO]    | Shard 0 : Received READY
2023-01-20 20:11:27 | [INFO]    | Discordia 2.11.0
2023-01-20 20:11:27 | [INFO]    | Connecting to Discord...
2023-01-20 20:11:27 | [INFO]    | Authenticated as stuart vilrite#2105
2023-01-20 20:11:27 | [INFO]    | Launching shard 0 (1 out of 1)...
2023-01-20 20:11:27 | [INFO]    | Shard 0 : Connected to wss://gateway.discord.gg
2023-01-20 20:11:27 | [INFO]    | Shard 0 : Received HELLO
2023-01-20 20:11:27 | [INFO]    | Shard 0 : Received READY
2023-01-20 20:11:28 | [ERROR]   | 400 - Bad Request : POST https://discord.com/api/v8/applications/1065733704967790712/guilds/1065772613403688980/commands
2023-01-20 20:11:28 | [ERROR]   | 400 - Bad Request : POST https://discord.com/api/v8/applications/1065733704967790712/guilds/1052305529021665411/commands
2023-01-20 20:12:04 | [INFO]    | Discordia 2.11.0
2023-01-20 20:12:04 | [INFO]    | Connecting to Discord...
2023-01-20 20:12:04 | [INFO]    | Authenticated as stuart vilrite#2105
2023-01-20 20:12:04 | [INFO]    | Launching shard 0 (1 out of 1)...
2023-01-20 20:12:04 | [INFO]    | Shard 0 : Connected to wss://gateway.discord.gg
2023-01-20 20:12:04 | [INFO]    | Shard 0 : Received HELLO
2023-01-20 20:12:04 | [INFO]    | Shard 0 : Received READY
2023-01-20 20:12:05 | [ERROR]   | 400 - Bad Request : POST https://discord.com/api/v8/applications/1065733704967790712/guilds/1052305529021665411/commands
2023-01-20 20:12:05 | [ERROR]   | 400 - Bad Request : POST https://discord.com/api/v8/applications/1065733704967790712/guilds/1065772613403688980/commands
2023-01-20 20:12:20 | [INFO]    | Discordia 2.11.0
2023-01-20 20:12:20 | [INFO]    | Connecting to Discord...
2023-01-20 20:12:20 | [INFO]    | Authenticated as stuart vilrite#2105
2023-01-20 20:12:20 | [INFO]    | Launching shard 0 (1 out of 1)...
2023-01-20 20:12:21 | [INFO]    | Shard 0 : Connected to wss://gateway.discord.gg
2023-01-20 20:12:21 | [INFO]    | Shard 0 : Received HELLO
2023-01-20 20:12:21 | [INFO]    | Shard 0 : Received READY
2023-01-20 20:12:21 | [ERROR]   | 400 - Bad Request : POST https://discord.com/api/v8/applications/1065733704967790712/guilds/1052305529021665411/commands
2023-01-20 20:12:22 | [ERROR]   | 400 - Bad Request : POST https://discord.com/api/v8/applications/1065733704967790712/guilds/1065772613403688980/commands
2023-01-20 20:12:39 | [INFO]    | Discordia 2.11.0
2023-01-20 20:12:39 | [INFO]    | Connecting to Discord...
2023-01-20 20:12:39 | [INFO]    | Authenticated as stuart vilrite#2105
2023-01-20 20:12:39 | [INFO]    | Launching shard 0 (1 out of 1)...
2023-01-20 20:12:39 | [INFO]    | Shard 0 : Connected to wss://gateway.discord.gg
2023-01-20 20:12:39 | [INFO]    | Shard 0 : Received HELLO
2023-01-20 20:12:40 | [INFO]    | Shard 0 : Received READY
2023-01-20 20:12:40 | [ERROR]   | 400 - Bad Request : POST https://discord.com/api/v8/applications/1065733704967790712/guilds/1065772613403688980/commands
2023-01-20 20:12:40 | [ERROR]   | 400 - Bad Request : POST https://discord.com/api/v8/applications/1065733704967790712/guilds/1052305529021665411/commands
2023-01-20 20:12:59 | [INFO]    | Discordia 2.11.0
2023-01-20 20:12:59 | [INFO]    | Connecting to Discord...
2023-01-20 20:12:59 | [INFO]    | Authenticated as stuart vilrite#2105
2023-01-20 20:12:59 | [INFO]    | Launching shard 0 (1 out of 1)...
2023-01-20 20:12:59 | [INFO]    | Shard 0 : Connected to wss://gateway.discord.gg
2023-01-20 20:12:59 | [INFO]    | Shard 0 : Received HELLO
2023-01-20 20:12:59 | [INFO]    | Shard 0 : Received READY
2023-01-20 20:13:00 | [ERROR]   | 400 - Bad Request : POST https://discord.com/api/v8/applications/1065733704967790712/guilds/1052305529021665411/commands
2023-01-20 20:13:00 | [ERROR]   | 400 - Bad Request : POST https://discord.com/api/v8/applications/1065733704967790712/guilds/1065772613403688980/commands
2023-01-20 20:40:36 | [INFO]    | Discordia 2.11.0
2023-01-20 20:40:36 | [INFO]    | Connecting to Discord...
2023-01-20 20:40:36 | [INFO]    | Authenticated as stuart vilrite#2105
2023-01-20 20:40:36 | [INFO]    | Launching shard 0 (1 out of 1)...
2023-01-20 20:40:36 | [INFO]    | Shard 0 : Connected to wss://gateway.discord.gg
2023-01-20 20:40:36 | [INFO]    | Shard 0 : Received HELLO
2023-01-20 20:40:36 | [INFO]    | Shard 0 : Received READY
2023-01-20 20:40:36 | [ERROR]   | 400 - Bad Request : POST https://discord.com/api/v8/applications/1065733704967790712/guilds/1065772613403688980/commands
2023-01-20 20:40:37 | [ERROR]   | 400 - Bad Request : POST https://discord.com/api/v8/applications/1065733704967790712/guilds/1052305529021665411/commands
2023-01-20 20:42:23 | [INFO]    | Discordia 2.11.0
2023-01-20 20:42:23 | [INFO]    | Connecting to Discord...
2023-01-20 20:42:23 | [INFO]    | Authenticated as stuart vilrite#2105
2023-01-20 20:42:23 | [INFO]    | Launching shard 0 (1 out of 1)...
2023-01-20 20:42:23 | [INFO]    | Shard 0 : Connected to wss://gateway.discord.gg
2023-01-20 20:42:23 | [INFO]    | Shard 0 : Received HELLO
2023-01-20 20:42:23 | [INFO]    | Shard 0 : Received READY
2023-01-20 20:42:23 | [ERROR]   | 400 - Bad Request : POST https://discord.com/api/v8/applications/1065733704967790712/guilds/1052305529021665411/commands
2023-01-20 20:42:24 | [ERROR]   | 400 - Bad Request : POST https://discord.com/api/v8/applications/1065733704967790712/guilds/1065772613403688980/commands
2023-01-20 20:44:07 | [INFO]    | Discordia 2.11.0
2023-01-20 20:44:07 | [INFO]    | Connecting to Discord...
2023-01-20 20:44:07 | [INFO]    | Authenticated as stuart vilrite#2105
2023-01-20 20:44:07 | [INFO]    | Launching shard 0 (1 out of 1)...
2023-01-20 20:44:07 | [INFO]    | Shard 0 : Connected to wss://gateway.discord.gg
2023-01-20 20:44:07 | [INFO]    | Shard 0 : Received HELLO
2023-01-20 20:44:07 | [INFO]    | Shard 0 : Received READY
2023-01-20 20:44:07 | [ERROR]   | 400 - Bad Request : POST https://discord.com/api/v8/applications/1065733704967790712/guilds/1065772613403688980/commands
2023-01-20 20:44:08 | [ERROR]   | 400 - Bad Request : POST https://discord.com/api/v8/applications/1065733704967790712/guilds/1052305529021665411/commands
2023-01-20 20:46:41 | [INFO]    | Discordia 2.11.0
2023-01-20 20:46:41 | [INFO]    | Connecting to Discord...
2023-01-20 20:46:41 | [INFO]    | Authenticated as stuart vilrite#2105
2023-01-20 20:46:41 | [INFO]    | Launching shard 0 (1 out of 1)...
2023-01-20 20:46:41 | [INFO]    | Shard 0 : Connected to wss://gateway.discord.gg
2023-01-20 20:46:41 | [INFO]    | Shard 0 : Received HELLO
2023-01-20 20:46:41 | [INFO]    | Shard 0 : Received READY
2023-01-20 20:46:42 | [ERROR]   | 400 - Bad Request : POST https://discord.com/api/v8/applications/1065733704967790712/guilds/1065772613403688980/commands
2023-01-20 20:46:45 | [INFO]    | Discordia 2.11.0
2023-01-20 20:46:45 | [INFO]    | Connecting to Discord...
2023-01-20 20:46:45 | [INFO]    | Authenticated as stuart vilrite#2105
2023-01-20 20:46:45 | [INFO]    | Launching shard 0 (1 out of 1)...
2023-01-20 20:46:45 | [INFO]    | Shard 0 : Connected to wss://gateway.discord.gg
2023-01-20 20:46:45 | [INFO]    | Shard 0 : Received HELLO
2023-01-20 20:46:45 | [INFO]    | Shard 0 : Received READY
2023-01-20 20:46:46 | [ERROR]   | 400 - Bad Request : POST https://discord.com/api/v8/applications/1065733704967790712/guilds/1065772613403688980/commands
2023-01-20 20:46:46 | [ERROR]   | 400 - Bad Request : POST https://discord.com/api/v8/applications/1065733704967790712/guilds/1052305529021665411/commands
2023-01-20 20:47:17 | [INFO]    | Discordia 2.11.0
2023-01-20 20:47:17 | [INFO]    | Connecting to Discord...
2023-01-20 20:47:17 | [INFO]    | Authenticated as stuart vilrite#2105
2023-01-20 20:47:17 | [INFO]    | Launching shard 0 (1 out of 1)...
2023-01-20 20:47:17 | [INFO]    | Shard 0 : Connected to wss://gateway.discord.gg
2023-01-20 20:47:17 | [INFO]    | Shard 0 : Received HELLO
2023-01-20 20:47:17 | [INFO]    | Shard 0 : Received READY
2023-01-20 20:47:18 | [ERROR]   | 400 - Bad Request : POST https://discord.com/api/v8/applications/1065733704967790712/guilds/1065772613403688980/commands
2023-01-20 20:47:18 | [ERROR]   | 400 - Bad Request : POST https://discord.com/api/v8/applications/1065733704967790712/guilds/1052305529021665411/commands
2023-01-20 20:48:02 | [INFO]    | Discordia 2.11.0
2023-01-20 20:48:02 | [INFO]    | Connecting to Discord...
2023-01-20 20:48:02 | [INFO]    | Authenticated as stuart vilrite#2105
2023-01-20 20:48:02 | [INFO]    | Launching shard 0 (1 out of 1)...
2023-01-20 20:48:02 | [INFO]    | Shard 0 : Connected to wss://gateway.discord.gg
2023-01-20 20:48:02 | [INFO]    | Shard 0 : Received HELLO
2023-01-20 20:48:02 | [INFO]    | Shard 0 : Received READY
2023-01-20 20:48:02 | [ERROR]   | 400 - Bad Request : POST https://discord.com/api/v8/applications/1065733704967790712/guilds/1065772613403688980/commands
2023-01-20 20:48:03 | [ERROR]   | 400 - Bad Request : POST https://discord.com/api/v8/applications/1065733704967790712/guilds/1052305529021665411/commands
2023-01-20 20:53:42 | [INFO]    | Discordia 2.11.0
2023-01-20 20:53:42 | [INFO]    | Connecting to Discord...
2023-01-20 20:53:42 | [INFO]    | Authenticated as stuart vilrite#2105
2023-01-20 20:53:42 | [INFO]    | Launching shard 0 (1 out of 1)...
2023-01-20 20:53:42 | [INFO]    | Shard 0 : Connected to wss://gateway.discord.gg
2023-01-20 20:53:42 | [INFO]    | Shard 0 : Received HELLO
2023-01-20 20:53:42 | [INFO]    | Shard 0 : Received READY
2023-01-20 20:53:42 | [ERROR]   | 400 - Bad Request : POST https://discord.com/api/v8/applications/1065733704967790712/guilds/1065772613403688980/commands
2023-01-20 20:53:43 | [ERROR]   | 400 - Bad Request : POST https://discord.com/api/v8/applications/1065733704967790712/guilds/1052305529021665411/commands
2023-01-20 21:01:53 | [INFO]    | Discordia 2.11.0
2023-01-20 21:01:53 | [INFO]    | Connecting to Discord...
2023-01-20 21:01:53 | [INFO]    | Authenticated as stuart vilrite#2105
2023-01-20 21:01:53 | [INFO]    | Launching shard 0 (1 out of 1)...
2023-01-20 21:01:53 | [INFO]    | Shard 0 : Connected to wss://gateway.discord.gg
2023-01-20 21:01:53 | [INFO]    | Shard 0 : Received HELLO
2023-01-20 21:01:53 | [INFO]    | Shard 0 : Received READY
2023-01-20 21:01:53 | [ERROR]   | 400 - Bad Request : POST https://discord.com/api/v8/applications/1065733704967790712/guilds/1052305529021665411/commands
2023-01-20 21:01:53 | [ERROR]   | 400 - Bad Request : POST https://discord.com/api/v8/applications/1065733704967790712/guilds/1065772613403688980/commands
2023-01-20 21:07:35 | [INFO]    | Discordia 2.11.0
2023-01-20 21:07:35 | [INFO]    | Connecting to Discord...
2023-01-20 21:07:35 | [INFO]    | Authenticated as stuart vilrite#2105
2023-01-20 21:07:35 | [INFO]    | Launching shard 0 (1 out of 1)...
2023-01-20 21:07:35 | [INFO]    | Shard 0 : Connected to wss://gateway.discord.gg
2023-01-20 21:07:35 | [INFO]    | Shard 0 : Received HELLO
2023-01-20 21:07:35 | [INFO]    | Shard 0 : Received READY
2023-01-20 21:07:35 | [ERROR]   | 400 - Bad Request : POST https://discord.com/api/v8/applications/1065733704967790712/guilds/1052305529021665411/commands
2023-01-20 21:07:36 | [ERROR]   | 400 - Bad Request : POST https://discord.com/api/v8/applications/1065733704967790712/guilds/1065772613403688980/commands
2023-01-20 21:08:13 | [INFO]    | Discordia 2.11.0
2023-01-20 21:08:13 | [INFO]    | Connecting to Discord...
2023-01-20 21:08:13 | [INFO]    | Authenticated as stuart vilrite#2105
2023-01-20 21:08:13 | [INFO]    | Launching shard 0 (1 out of 1)...
2023-01-20 21:08:13 | [INFO]    | Shard 0 : Connected to wss://gateway.discord.gg
2023-01-20 21:08:13 | [INFO]    | Shard 0 : Received HELLO
2023-01-20 21:08:13 | [INFO]    | Shard 0 : Received READY
2023-01-20 21:10:33 | [INFO]    | Discordia 2.11.0
2023-01-20 21:10:33 | [INFO]    | Connecting to Discord...
2023-01-20 21:10:33 | [INFO]    | Authenticated as stuart vilrite#2105
2023-01-20 21:10:33 | [INFO]    | Launching shard 0 (1 out of 1)...
2023-01-20 21:10:33 | [INFO]    | Shard 0 : Connected to wss://gateway.discord.gg
2023-01-20 21:10:33 | [INFO]    | Shard 0 : Received HELLO
2023-01-20 21:10:34 | [INFO]    | Shard 0 : Received READY
2023-01-20 21:10:34 | [ERROR]   | 400 - Bad Request : POST https://discord.com/api/v8/applications/1065733704967790712/guilds/1052305529021665411/commands
2023-01-20 21:10:34 | [ERROR]   | 400 - Bad Request : POST https://discord.com/api/v8/applications/1065733704967790712/guilds/1065772613403688980/commands
2023-01-20 21:13:39 | [INFO]    | Discordia 2.11.0
2023-01-20 21:13:39 | [INFO]    | Connecting to Discord...
2023-01-20 21:13:39 | [INFO]    | Authenticated as stuart vilrite#2105
2023-01-20 21:13:39 | [INFO]    | Launching shard 0 (1 out of 1)...
2023-01-20 21:13:39 | [INFO]    | Shard 0 : Connected to wss://gateway.discord.gg
2023-01-20 21:13:39 | [INFO]    | Shard 0 : Received HELLO
2023-01-20 21:13:39 | [INFO]    | Shard 0 : Received READY
2023-01-20 21:13:39 | [ERROR]   | 400 - Bad Request : POST https://discord.com/api/v8/applications/1065733704967790712/guilds/1065772613403688980/commands
2023-01-20 21:13:39 | [ERROR]   | 400 - Bad Request : POST https://discord.com/api/v8/applications/1065733704967790712/guilds/1052305529021665411/commands
2023-01-20 21:15:54 | [INFO]    | Discordia 2.11.0
2023-01-20 21:15:54 | [INFO]    | Connecting to Discord...
2023-01-20 21:15:54 | [INFO]    | Authenticated as stuart vilrite#2105
2023-01-20 21:15:54 | [INFO]    | Launching shard 0 (1 out of 1)...
2023-01-20 21:15:55 | [INFO]    | Shard 0 : Connected to wss://gateway.discord.gg
2023-01-20 21:15:55 | [INFO]    | Shard 0 : Received HELLO
2023-01-20 21:15:55 | [INFO]    | Shard 0 : Received READY
2023-01-20 21:15:55 | [ERROR]   | 400 - Bad Request : POST https://discord.com/api/v8/applications/1065733704967790712/guilds/1065772613403688980/commands
2023-01-20 21:15:55 | [ERROR]   | 400 - Bad Request : POST https://discord.com/api/v8/applications/1065733704967790712/guilds/1052305529021665411/commands
2023-01-20 21:16:27 | [INFO]    | Discordia 2.11.0
2023-01-20 21:16:27 | [INFO]    | Connecting to Discord...
2023-01-20 21:16:27 | [INFO]    | Authenticated as stuart vilrite#2105
2023-01-20 21:16:27 | [INFO]    | Launching shard 0 (1 out of 1)...
2023-01-20 21:16:27 | [INFO]    | Shard 0 : Connected to wss://gateway.discord.gg
2023-01-20 21:16:27 | [INFO]    | Shard 0 : Received HELLO
2023-01-20 21:16:27 | [INFO]    | Shard 0 : Received READY
2023-01-20 21:16:28 | [ERROR]   | 400 - Bad Request : POST https://discord.com/api/v8/applications/1065733704967790712/guilds/1065772613403688980/commands
2023-01-20 21:16:28 | [ERROR]   | 400 - Bad Request : POST https://discord.com/api/v8/applications/1065733704967790712/guilds/1052305529021665411/commands
2023-01-20 21:19:07 | [INFO]    | Discordia 2.11.0
2023-01-20 21:19:07 | [INFO]    | Connecting to Discord...
2023-01-20 21:19:07 | [INFO]    | Authenticated as stuart vilrite#2105
2023-01-20 21:19:07 | [INFO]    | Launching shard 0 (1 out of 1)...
2023-01-20 21:19:07 | [INFO]    | Shard 0 : Connected to wss://gateway.discord.gg
2023-01-20 21:19:07 | [INFO]    | Shard 0 : Received HELLO
2023-01-20 21:19:07 | [INFO]    | Shard 0 : Received READY
2023-01-20 21:19:07 | [ERROR]   | 400 - Bad Request : POST https://discord.com/api/v8/applications/1065733704967790712/guilds/1065772613403688980/commands
2023-01-20 21:19:07 | [ERROR]   | 400 - Bad Request : POST https://discord.com/api/v8/applications/1065733704967790712/guilds/1052305529021665411/commands
2023-01-20 21:19:47 | [INFO]    | Discordia 2.11.0
2023-01-20 21:19:47 | [INFO]    | Connecting to Discord...
2023-01-20 21:19:47 | [INFO]    | Authenticated as stuart vilrite#2105
2023-01-20 21:19:47 | [INFO]    | Launching shard 0 (1 out of 1)...
2023-01-20 21:19:47 | [INFO]    | Shard 0 : Connected to wss://gateway.discord.gg
2023-01-20 21:19:47 | [INFO]    | Shard 0 : Received HELLO
2023-01-20 21:19:48 | [INFO]    | Shard 0 : Received READY
2023-01-20 21:19:48 | [ERROR]   | 400 - Bad Request : POST https://discord.com/api/v8/applications/1065733704967790712/guilds/1065772613403688980/commands
2023-01-20 21:19:48 | [ERROR]   | 400 - Bad Request : POST https://discord.com/api/v8/applications/1065733704967790712/guilds/1052305529021665411/commands
2023-01-20 21:20:00 | [INFO]    | Discordia 2.11.0
2023-01-20 21:20:00 | [INFO]    | Connecting to Discord...
2023-01-20 21:20:00 | [INFO]    | Authenticated as stuart vilrite#2105
2023-01-20 21:20:00 | [INFO]    | Launching shard 0 (1 out of 1)...
2023-01-20 21:20:00 | [INFO]    | Shard 0 : Connected to wss://gateway.discord.gg
2023-01-20 21:20:00 | [INFO]    | Shard 0 : Received HELLO
2023-01-20 21:20:01 | [INFO]    | Shard 0 : Received READY
2023-01-20 21:20:01 | [ERROR]   | 400 - Bad Request : POST https://discord.com/api/v8/applications/1065733704967790712/guilds/1065772613403688980/commands
2023-01-20 21:20:01 | [ERROR]   | 400 - Bad Request : POST https://discord.com/api/v8/applications/1065733704967790712/guilds/1052305529021665411/commands
2023-01-20 21:21:30 | [INFO]    | Discordia 2.11.0
2023-01-20 21:21:30 | [INFO]    | Connecting to Discord...
2023-01-20 21:21:30 | [INFO]    | Authenticated as stuart vilrite#2105
2023-01-20 21:21:30 | [INFO]    | Launching shard 0 (1 out of 1)...
2023-01-20 21:21:30 | [INFO]    | Shard 0 : Connected to wss://gateway.discord.gg
2023-01-20 21:21:30 | [INFO]    | Shard 0 : Received HELLO
2023-01-20 21:21:30 | [INFO]    | Shard 0 : Received READY
2023-01-20 21:21:31 | [ERROR]   | 400 - Bad Request : POST https://discord.com/api/v8/applications/1065733704967790712/guilds/1065772613403688980/commands
2023-01-20 21:21:31 | [ERROR]   | 400 - Bad Request : POST https://discord.com/api/v8/applications/1065733704967790712/guilds/1052305529021665411/commands
2023-01-20 21:23:06 | [INFO]    | Discordia 2.11.0
2023-01-20 21:23:06 | [INFO]    | Connecting to Discord...
2023-01-20 21:23:06 | [INFO]    | Authenticated as stuart vilrite#2105
2023-01-20 21:23:06 | [INFO]    | Launching shard 0 (1 out of 1)...
2023-01-20 21:23:06 | [INFO]    | Shard 0 : Connected to wss://gateway.discord.gg
2023-01-20 21:23:06 | [INFO]    | Shard 0 : Received HELLO
2023-01-20 21:23:06 | [INFO]    | Shard 0 : Received READY
2023-01-20 21:23:28 | [INFO]    | Discordia 2.11.0
2023-01-20 21:23:28 | [INFO]    | Connecting to Discord...
2023-01-20 21:23:28 | [INFO]    | Authenticated as stuart vilrite#2105
2023-01-20 21:23:28 | [INFO]    | Launching shard 0 (1 out of 1)...
2023-01-20 21:23:28 | [INFO]    | Shard 0 : Connected to wss://gateway.discord.gg
2023-01-20 21:23:28 | [INFO]    | Shard 0 : Received HELLO
2023-01-20 21:23:28 | [INFO]    | Shard 0 : Received READY
2023-01-20 21:23:29 | [ERROR]   | 400 - Bad Request : POST https://discord.com/api/v8/applications/1065733704967790712/guilds/1052305529021665411/commands
2023-01-20 21:23:29 | [ERROR]   | 400 - Bad Request : POST https://discord.com/api/v8/applications/1065733704967790712/guilds/1065772613403688980/commands
2023-01-20 21:25:07 | [INFO]    | Discordia 2.11.0
2023-01-20 21:25:07 | [INFO]    | Connecting to Discord...
2023-01-20 21:25:07 | [INFO]    | Authenticated as stuart vilrite#2105
2023-01-20 21:25:07 | [INFO]    | Launching shard 0 (1 out of 1)...
2023-01-20 21:25:07 | [INFO]    | Shard 0 : Connected to wss://gateway.discord.gg
2023-01-20 21:25:07 | [INFO]    | Shard 0 : Received HELLO
2023-01-20 21:25:07 | [INFO]    | Shard 0 : Received READY
2023-01-20 21:25:07 | [ERROR]   | 400 - Bad Request : POST https://discord.com/api/v8/applications/1065733704967790712/guilds/1065772613403688980/commands
2023-01-20 21:25:08 | [ERROR]   | 400 - Bad Request : POST https://discord.com/api/v8/applications/1065733704967790712/guilds/1052305529021665411/commands
2023-01-20 21:26:35 | [INFO]    | Discordia 2.11.0
2023-01-20 21:26:35 | [INFO]    | Connecting to Discord...
2023-01-20 21:26:35 | [INFO]    | Authenticated as stuart vilrite#2105
2023-01-20 21:26:35 | [INFO]    | Launching shard 0 (1 out of 1)...
2023-01-20 21:26:36 | [INFO]    | Shard 0 : Connected to wss://gateway.discord.gg
2023-01-20 21:26:36 | [INFO]    | Shard 0 : Received HELLO
2023-01-20 21:26:36 | [INFO]    | Shard 0 : Received READY
2023-01-20 21:26:36 | [ERROR]   | 400 - Bad Request : POST https://discord.com/api/v8/applications/1065733704967790712/guilds/1052305529021665411/commands
2023-01-20 21:26:36 | [ERROR]   | 400 - Bad Request : POST https://discord.com/api/v8/applications/1065733704967790712/guilds/1065772613403688980/commands
2023-01-20 21:30:06 | [INFO]    | Discordia 2.11.0
2023-01-20 21:30:06 | [INFO]    | Connecting to Discord...
2023-01-20 21:30:06 | [INFO]    | Authenticated as stuart vilrite#2105
2023-01-20 21:30:06 | [INFO]    | Launching shard 0 (1 out of 1)...
2023-01-20 21:30:06 | [INFO]    | Shard 0 : Connected to wss://gateway.discord.gg
2023-01-20 21:30:06 | [INFO]    | Shard 0 : Received HELLO
2023-01-20 21:30:06 | [INFO]    | Shard 0 : Received READY
2023-01-20 21:30:06 | [ERROR]   | 400 - Bad Request : POST https://discord.com/api/v8/applications/1065733704967790712/guilds/1052305529021665411/commands
2023-01-20 21:30:07 | [ERROR]   | 400 - Bad Request : POST https://discord.com/api/v8/applications/1065733704967790712/guilds/1065772613403688980/commands
2023-01-20 21:35:04 | [INFO]    | Discordia 2.11.0
2023-01-20 21:35:04 | [INFO]    | Connecting to Discord...
2023-01-20 21:35:05 | [INFO]    | Authenticated as stuart vilrite#2105
2023-01-20 21:35:05 | [INFO]    | Launching shard 0 (1 out of 1)...
2023-01-20 21:35:05 | [INFO]    | Shard 0 : Connected to wss://gateway.discord.gg
2023-01-20 21:35:05 | [INFO]    | Shard 0 : Received HELLO
2023-01-20 21:35:05 | [INFO]    | Shard 0 : Received READY
2023-01-20 21:35:05 | [ERROR]   | 400 - Bad Request : POST https://discord.com/api/v8/applications/1065733704967790712/guilds/1065772613403688980/commands
2023-01-20 21:35:05 | [ERROR]   | 400 - Bad Request : POST https://discord.com/api/v8/applications/1065733704967790712/guilds/1052305529021665411/commands
2023-01-20 21:35:56 | [INFO]    | Discordia 2.11.0
2023-01-20 21:35:56 | [INFO]    | Connecting to Discord...
2023-01-20 21:35:56 | [INFO]    | Authenticated as stuart vilrite#2105
2023-01-20 21:35:56 | [INFO]    | Launching shard 0 (1 out of 1)...
2023-01-20 21:35:56 | [INFO]    | Shard 0 : Connected to wss://gateway.discord.gg
2023-01-20 21:35:56 | [INFO]    | Shard 0 : Received HELLO
2023-01-20 21:35:56 | [INFO]    | Shard 0 : Received READY
2023-01-20 21:35:56 | [ERROR]   | 400 - Bad Request : POST https://discord.com/api/v8/applications/1065733704967790712/guilds/1065772613403688980/commands
2023-01-20 21:35:57 | [ERROR]   | 400 - Bad Request : POST https://discord.com/api/v8/applications/1065733704967790712/guilds/1052305529021665411/commands
2023-01-20 21:37:29 | [INFO]    | Discordia 2.11.0
2023-01-20 21:37:29 | [INFO]    | Connecting to Discord...
2023-01-20 21:37:29 | [INFO]    | Authenticated as stuart vilrite#2105
2023-01-20 21:37:29 | [INFO]    | Launching shard 0 (1 out of 1)...
2023-01-20 21:37:29 | [INFO]    | Shard 0 : Connected to wss://gateway.discord.gg
2023-01-20 21:37:29 | [INFO]    | Shard 0 : Received HELLO
2023-01-20 21:37:29 | [INFO]    | Shard 0 : Received READY
2023-01-20 21:37:30 | [ERROR]   | 400 - Bad Request : POST https://discord.com/api/v8/applications/1065733704967790712/guilds/1065772613403688980/commands
2023-01-20 21:37:30 | [ERROR]   | 400 - Bad Request : POST https://discord.com/api/v8/applications/1065733704967790712/guilds/1052305529021665411/commands
2023-01-20 21:38:19 | [INFO]    | Discordia 2.11.0
2023-01-20 21:38:19 | [INFO]    | Connecting to Discord...
2023-01-20 21:38:19 | [INFO]    | Authenticated as stuart vilrite#2105
2023-01-20 21:38:19 | [INFO]    | Launching shard 0 (1 out of 1)...
2023-01-20 21:38:19 | [INFO]    | Shard 0 : Connected to wss://gateway.discord.gg
2023-01-20 21:38:19 | [INFO]    | Shard 0 : Received HELLO
2023-01-20 21:38:19 | [INFO]    | Shard 0 : Received READY
2023-01-20 21:38:19 | [ERROR]   | 400 - Bad Request : POST https://discord.com/api/v8/applications/1065733704967790712/guilds/1065772613403688980/commands
2023-01-20 21:38:20 | [ERROR]   | 400 - Bad Request : POST https://discord.com/api/v8/applications/1065733704967790712/guilds/1052305529021665411/commands
2023-01-20 21:43:39 | [INFO]    | Discordia 2.11.0
2023-01-20 21:43:39 | [INFO]    | Connecting to Discord...
2023-01-20 21:43:39 | [ERROR]   | 429 - Too Many Requests : GET https://discord.com/api/v8/users/@me
2023-01-20 21:43:39 | [ERROR]   | Could not authenticate, check token: error code: 1015
2023-01-20 21:43:49 | [INFO]    | Discordia 2.11.0
2023-01-20 21:43:49 | [INFO]    | Connecting to Discord...
2023-01-20 21:43:49 | [ERROR]   | 429 - Too Many Requests : GET https://discord.com/api/v8/users/@me
2023-01-20 21:43:49 | [ERROR]   | Could not authenticate, check token: error code: 1015
2023-01-20 21:45:27 | [INFO]    | Discordia 2.11.0
2023-01-20 21:45:27 | [INFO]    | Connecting to Discord...
2023-01-20 21:45:27 | [ERROR]   | 429 - Too Many Requests : GET https://discord.com/api/v8/users/@me
2023-01-20 21:45:27 | [ERROR]   | Could not authenticate, check token: error code: 1015
2023-01-20 21:58:13 | [INFO]    | Discordia 2.11.0
2023-01-20 21:58:13 | [INFO]    | Connecting to Discord...
2023-01-20 21:58:13 | [ERROR]   | 429 - Too Many Requests : GET https://discord.com/api/v8/users/@me
2023-01-20 21:58:13 | [ERROR]   | Could not authenticate, check token: error code: 1015
2023-01-20 21:58:34 | [INFO]    | Discordia 2.11.0
2023-01-20 21:58:34 | [INFO]    | Connecting to Discord...
2023-01-20 21:58:34 | [ERROR]   | 429 - Too Many Requests : GET https://discord.com/api/v8/users/@me
2023-01-20 21:58:34 | [ERROR]   | Could not authenticate, check token: error code: 1015
2023-01-20 22:00:51 | [INFO]    | Discordia 2.11.0
2023-01-20 22:00:51 | [INFO]    | Connecting to Discord...
2023-01-20 22:00:51 | [ERROR]   | 429 - Too Many Requests : GET https://discord.com/api/v8/users/@me
2023-01-20 22:00:51 | [ERROR]   | Could not authenticate, check token: error code: 1015
2023-01-20 22:04:24 | [INFO]    | Discordia 2.11.0
2023-01-20 22:04:24 | [INFO]    | Connecting to Discord...
2023-01-20 22:04:24 | [ERROR]   | 429 - Too Many Requests : GET https://discord.com/api/v8/users/@me
2023-01-20 22:04:24 | [ERROR]   | Could not authenticate, check token: error code: 1015
2023-01-20 22:07:28 | [INFO]    | Discordia 2.11.0
2023-01-20 22:07:28 | [INFO]    | Connecting to Discord...
2023-01-20 22:07:28 | [ERROR]   | 429 - Too Many Requests : GET https://discord.com/api/v8/users/@me
2023-01-20 22:07:28 | [ERROR]   | Could not authenticate, check token: error code: 1015
2023-01-20 22:11:57 | [INFO]    | Discordia 2.11.0
2023-01-20 22:11:57 | [INFO]    | Connecting to Discord...
2023-01-20 22:11:57 | [ERROR]   | 429 - Too Many Requests : GET https://discord.com/api/v8/users/@me
2023-01-20 22:11:57 | [ERROR]   | Could not authenticate, check token: error code: 1015
2023-01-20 22:17:27 | [INFO]    | Discordia 2.11.0
2023-01-20 22:17:27 | [INFO]    | Connecting to Discord...
2023-01-20 22:17:27 | [ERROR]   | 429 - Too Many Requests : GET https://discord.com/api/v8/users/@me
2023-01-20 22:17:27 | [ERROR]   | Could not authenticate, check token: error code: 1015
2023-01-20 22:17:37 | [INFO]    | Discordia 2.11.0
2023-01-20 22:17:37 | [INFO]    | Connecting to Discord...
2023-01-20 22:17:37 | [ERROR]   | 429 e Too Many Requests : GET https://discord.com/api/v8/users/@me
2023-01-20 22:17:37 | [ERROR]   | Could not authenticate, check token: error code: 1015
2023-01-20 22:18:19 | [INFO]    | Discordia 2.11.0
2023-01-20 22:18:19 | [INFO]    | Connecting to Discord...
2023-01-20 22:18:19 | [ERROR]   | 429 - Too Many Requests : GET https://discord.com/api/v8/users/@me
2023-01-20 22:18:19 | [ERROR]   | Could not authenticate, check token: error code: 1015
2023-01-20 22:18:46 | [INFO]    | Discordia 2.11.0
2023-01-20 22:18:46 | [INFO]    | Connecting to Discord...
2023-01-20 22:18:46 | [ERROR]   | 429 - Too Many Requests : GET https://discord.com/api/v8/users/@me
2023-01-20 22:18:46 | [ERROR]   | Could not authenticate, check token: error code: 1015
2023-01-20 22:19:40 | [INFO]    | Discordia 2.11.0
2023-01-20 22:19:40 | [INFO]    | Connecting to Discord...
2023-01-20 22:19:40 | [ERROR]   | 429 - Too Many Requests : GET https://discord.com/api/v8/users/@me
2023-01-20 22:19:40 | [ERROR]   | Could not authenticate, check token: error code: 1015
2023-01-20 22:19:55 | [INFO]    | Discordia 2.11.0
2023-01-20 22:19:55 | [INFO]    | Connecting to Discord...
2023-01-20 22:19:55 | [ERROR]   | 429 - Too Many Requests : GET https://discord.com/api/v8/users/@me
2023-01-20 22:19:55 | [ERROR]   | Could not authenticate, check token: error code: 1015
2023-01-20 22:21:36 | [INFO]    | Discordia 2.11.0
2023-01-20 22:21:36 | [INFO]    | Connecting to Discord...
2023-01-20 22:21:36 | [ERROR]   | 429 - Too Many Requests : GET https://discord.com/api/v8/users/@me
2023-01-20 22:21:36 | [ERROR]   | Could not authenticate, check token: error code: 1015
